{"/Users/riroan/moneger/app/layout.tsx": {"path":"/Users/riroan/moneger/app/layout.tsx","statementMap":{"0":{"start":{"line":31,"column":24},"end":{"line":31,"column":35}},"1":{"start":{"line":20,"column":13},"end":{"line":20,"column":34}},"2":{"start":{"line":2,"column":41},"end":{"line":2,"column":null}},"3":{"start":{"line":3,"column":7},"end":{"line":3,"column":null}},"4":{"start":{"line":4,"column":30},"end":{"line":4,"column":null}},"5":{"start":{"line":5,"column":30},"end":{"line":5,"column":null}},"6":{"start":{"line":6,"column":31},"end":{"line":6,"column":null}},"7":{"start":{"line":8,"column":19},"end":{"line":12,"column":null}},"8":{"start":{"line":14,"column":18},"end":{"line":18,"column":null}},"9":{"start":{"line":20,"column":34},"end":{"line":29,"column":null}}},"fnMap":{"0":{"name":"RootLayout","decl":{"start":{"line":31,"column":24},"end":{"line":31,"column":35}},"loc":{"start":{"line":35,"column":2},"end":{"line":51,"column":null}}}},"branchMap":{},"s":{"0":0,"1":0,"2":0,"3":0,"4":0,"5":0,"6":0,"7":0,"8":0,"9":0},"f":{"0":0},"b":{}}
,"/Users/riroan/moneger/app/page.tsx": {"path":"/Users/riroan/moneger/app/page.tsx","statementMap":{"0":{"start":{"line":14,"column":24},"end":{"line":14,"column":null}},"1":{"start":{"line":3,"column":36},"end":{"line":3,"column":null}},"2":{"start":{"line":4,"column":43},"end":{"line":4,"column":null}},"3":{"start":{"line":5,"column":33},"end":{"line":5,"column":null}},"4":{"start":{"line":6,"column":23},"end":{"line":6,"column":null}},"5":{"start":{"line":7,"column":25},"end":{"line":7,"column":null}},"6":{"start":{"line":8,"column":28},"end":{"line":8,"column":null}},"7":{"start":{"line":9,"column":23},"end":{"line":9,"column":null}},"8":{"start":{"line":10,"column":24},"end":{"line":10,"column":null}},"9":{"start":{"line":15,"column":38},"end":{"line":15,"column":null}},"10":{"start":{"line":16,"column":57},"end":{"line":16,"column":null}},"11":{"start":{"line":17,"column":57},"end":{"line":17,"column":null}},"12":{"start":{"line":18,"column":26},"end":{"line":18,"column":null}},"13":{"start":{"line":19,"column":44},"end":{"line":19,"column":null}},"14":{"start":{"line":22,"column":2},"end":{"line":25,"column":null}},"15":{"start":{"line":23,"column":4},"end":{"line":23,"column":null}},"16":{"start":{"line":24,"column":4},"end":{"line":24,"column":null}},"17":{"start":{"line":27,"column":33},"end":{"line":33,"column":null}},"18":{"start":{"line":28,"column":4},"end":{"line":32,"column":null}},"19":{"start":{"line":29,"column":6},"end":{"line":29,"column":null}},"20":{"start":{"line":31,"column":6},"end":{"line":31,"column":null}},"21":{"start":{"line":35,"column":36},"end":{"line":37,"column":null}},"22":{"start":{"line":36,"column":4},"end":{"line":36,"column":null}},"23":{"start":{"line":39,"column":28},"end":{"line":41,"column":null}},"24":{"start":{"line":40,"column":4},"end":{"line":40,"column":null}},"25":{"start":{"line":44,"column":2},"end":{"line":46,"column":null}},"26":{"start":{"line":45,"column":4},"end":{"line":45,"column":null}},"27":{"start":{"line":49,"column":2},"end":{"line":51,"column":null}},"28":{"start":{"line":50,"column":4},"end":{"line":50,"column":null}}},"fnMap":{"0":{"name":"Home","decl":{"start":{"line":14,"column":24},"end":{"line":14,"column":null}},"loc":{"start":{"line":14,"column":24},"end":{"line":73,"column":null}}},"1":{"name":"(anonymous_3)","decl":{"start":{"line":22,"column":12},"end":{"line":22,"column":null}},"loc":{"start":{"line":22,"column":12},"end":{"line":25,"column":5}}},"2":{"name":"(anonymous_4)","decl":{"start":{"line":27,"column":33},"end":{"line":27,"column":34}},"loc":{"start":{"line":27,"column":34},"end":{"line":33,"column":null}}},"3":{"name":"(anonymous_5)","decl":{"start":{"line":35,"column":36},"end":{"line":35,"column":null}},"loc":{"start":{"line":35,"column":36},"end":{"line":37,"column":null}}},"4":{"name":"(anonymous_6)","decl":{"start":{"line":39,"column":28},"end":{"line":39,"column":null}},"loc":{"start":{"line":39,"column":28},"end":{"line":41,"column":null}}}},"branchMap":{"0":{"loc":{"start":{"line":28,"column":4},"end":{"line":32,"column":null}},"type":"if","locations":[{"start":{"line":28,"column":4},"end":{"line":32,"column":null}},{"start":{"line":30,"column":11},"end":{"line":32,"column":null}}]},"1":{"loc":{"start":{"line":44,"column":2},"end":{"line":46,"column":null}},"type":"if","locations":[{"start":{"line":44,"column":2},"end":{"line":46,"column":null}},{"start":{},"end":{}}]},"2":{"loc":{"start":{"line":44,"column":6},"end":{"line":44,"column":39}},"type":"binary-expr","locations":[{"start":{"line":44,"column":6},"end":{"line":44,"column":24}},{"start":{"line":44,"column":24},"end":{"line":44,"column":39}}]},"3":{"loc":{"start":{"line":49,"column":2},"end":{"line":51,"column":null}},"type":"if","locations":[{"start":{"line":49,"column":2},"end":{"line":51,"column":null}},{"start":{},"end":{}}]},"4":{"loc":{"start":{"line":56,"column":7},"end":{"line":56,"column":null}},"type":"binary-expr","locations":[{"start":{"line":56,"column":7},"end":{"line":56,"column":null}}]},"5":{"loc":{"start":{"line":64,"column":7},"end":{"line":64,"column":null}},"type":"binary-expr","locations":[{"start":{"line":64,"column":7},"end":{"line":64,"column":null}}]},"6":{"loc":{"start":{"line":68,"column":7},"end":{"line":68,"column":34}},"type":"binary-expr","locations":[{"start":{"line":68,"column":7},"end":{"line":68,"column":34}},{"start":{"line":68,"column":34},"end":{"line":68,"column":null}}]}},"s":{"0":4,"1":1,"2":1,"3":1,"4":1,"5":1,"6":1,"7":1,"8":1,"9":25,"10":25,"11":25,"12":25,"13":25,"14":25,"15":4,"16":4,"17":25,"18":0,"19":0,"20":0,"21":25,"22":0,"23":25,"24":0,"25":25,"26":4,"27":21,"28":0},"f":{"0":25,"1":4,"2":0,"3":0,"4":0},"b":{"0":[0,0],"1":[4,21],"2":[25,21],"3":[0,21],"4":[21],"5":[21],"6":[21,0]}}
,"/Users/riroan/moneger/app/api/auth/delete/route.ts": {"path":"/Users/riroan/moneger/app/api/auth/delete/route.ts","statementMap":{"0":{"start":{"line":7,"column":22},"end":{"line":7,"column":29}},"1":{"start":{"line":1,"column":42},"end":{"line":1,"column":null}},"2":{"start":{"line":2,"column":23},"end":{"line":2,"column":null}},"3":{"start":{"line":3,"column":19},"end":{"line":3,"column":null}},"4":{"start":{"line":4,"column":23},"end":{"line":4,"column":null}},"5":{"start":{"line":8,"column":2},"end":{"line":64,"column":null}},"6":{"start":{"line":9,"column":17},"end":{"line":9,"column":null}},"7":{"start":{"line":10,"column":33},"end":{"line":10,"column":null}},"8":{"start":{"line":13,"column":4},"end":{"line":18,"column":null}},"9":{"start":{"line":14,"column":6},"end":{"line":16,"column":null}},"10":{"start":{"line":21,"column":17},"end":{"line":26,"column":null}},"11":{"start":{"line":28,"column":4},"end":{"line":33,"column":null}},"12":{"start":{"line":29,"column":6},"end":{"line":31,"column":null}},"13":{"start":{"line":36,"column":28},"end":{"line":36,"column":null}},"14":{"start":{"line":38,"column":4},"end":{"line":43,"column":null}},"15":{"start":{"line":39,"column":6},"end":{"line":41,"column":null}},"16":{"start":{"line":46,"column":4},"end":{"line":49,"column":null}},"17":{"start":{"line":51,"column":4},"end":{"line":56,"column":null}},"18":{"start":{"line":59,"column":4},"end":{"line":59,"column":null}},"19":{"start":{"line":60,"column":4},"end":{"line":62,"column":null}}},"fnMap":{"0":{"name":"DELETE","decl":{"start":{"line":7,"column":22},"end":{"line":7,"column":29}},"loc":{"start":{"line":7,"column":49},"end":{"line":65,"column":null}}}},"branchMap":{"0":{"loc":{"start":{"line":13,"column":4},"end":{"line":18,"column":null}},"type":"if","locations":[{"start":{"line":13,"column":4},"end":{"line":18,"column":null}},{"start":{},"end":{}}]},"1":{"loc":{"start":{"line":13,"column":8},"end":{"line":13,"column":30}},"type":"binary-expr","locations":[{"start":{"line":13,"column":8},"end":{"line":13,"column":19}},{"start":{"line":13,"column":19},"end":{"line":13,"column":30}}]},"2":{"loc":{"start":{"line":28,"column":4},"end":{"line":33,"column":null}},"type":"if","locations":[{"start":{"line":28,"column":4},"end":{"line":33,"column":null}},{"start":{},"end":{}}]},"3":{"loc":{"start":{"line":38,"column":4},"end":{"line":43,"column":null}},"type":"if","locations":[{"start":{"line":38,"column":4},"end":{"line":43,"column":null}},{"start":{},"end":{}}]}},"s":{"0":5,"1":1,"2":1,"3":1,"4":1,"5":5,"6":5,"7":5,"8":5,"9":1,"10":4,"11":3,"12":1,"13":2,"14":2,"15":1,"16":1,"17":1,"18":1,"19":1},"f":{"0":5},"b":{"0":[1,4],"1":[5,5],"2":[1,2],"3":[1,1]}}
,"/Users/riroan/moneger/app/api/auth/login/route.ts": {"path":"/Users/riroan/moneger/app/api/auth/login/route.ts","statementMap":{"0":{"start":{"line":7,"column":22},"end":{"line":7,"column":27}},"1":{"start":{"line":1,"column":42},"end":{"line":1,"column":null}},"2":{"start":{"line":2,"column":23},"end":{"line":2,"column":null}},"3":{"start":{"line":3,"column":19},"end":{"line":3,"column":null}},"4":{"start":{"line":4,"column":23},"end":{"line":4,"column":null}},"5":{"start":{"line":8,"column":2},"end":{"line":61,"column":null}},"6":{"start":{"line":9,"column":17},"end":{"line":9,"column":null}},"7":{"start":{"line":10,"column":32},"end":{"line":10,"column":null}},"8":{"start":{"line":13,"column":4},"end":{"line":18,"column":null}},"9":{"start":{"line":14,"column":6},"end":{"line":16,"column":null}},"10":{"start":{"line":21,"column":17},"end":{"line":26,"column":null}},"11":{"start":{"line":28,"column":4},"end":{"line":33,"column":null}},"12":{"start":{"line":29,"column":6},"end":{"line":31,"column":null}},"13":{"start":{"line":36,"column":28},"end":{"line":36,"column":null}},"14":{"start":{"line":38,"column":4},"end":{"line":43,"column":null}},"15":{"start":{"line":39,"column":6},"end":{"line":41,"column":null}},"16":{"start":{"line":46,"column":52},"end":{"line":46,"column":null}},"17":{"start":{"line":48,"column":4},"end":{"line":54,"column":null}},"18":{"start":{"line":56,"column":4},"end":{"line":56,"column":null}},"19":{"start":{"line":57,"column":4},"end":{"line":59,"column":null}}},"fnMap":{"0":{"name":"POST","decl":{"start":{"line":7,"column":22},"end":{"line":7,"column":27}},"loc":{"start":{"line":7,"column":47},"end":{"line":62,"column":null}}}},"branchMap":{"0":{"loc":{"start":{"line":13,"column":4},"end":{"line":18,"column":null}},"type":"if","locations":[{"start":{"line":13,"column":4},"end":{"line":18,"column":null}},{"start":{},"end":{}}]},"1":{"loc":{"start":{"line":13,"column":8},"end":{"line":13,"column":29}},"type":"binary-expr","locations":[{"start":{"line":13,"column":8},"end":{"line":13,"column":18}},{"start":{"line":13,"column":18},"end":{"line":13,"column":29}}]},"2":{"loc":{"start":{"line":28,"column":4},"end":{"line":33,"column":null}},"type":"if","locations":[{"start":{"line":28,"column":4},"end":{"line":33,"column":null}},{"start":{},"end":{}}]},"3":{"loc":{"start":{"line":38,"column":4},"end":{"line":43,"column":null}},"type":"if","locations":[{"start":{"line":38,"column":4},"end":{"line":43,"column":null}},{"start":{},"end":{}}]}},"s":{"0":6,"1":1,"2":1,"3":1,"4":1,"5":6,"6":6,"7":6,"8":6,"9":2,"10":4,"11":3,"12":1,"13":2,"14":2,"15":1,"16":1,"17":1,"18":1,"19":1},"f":{"0":6},"b":{"0":[2,4],"1":[6,5],"2":[1,2],"3":[1,1]}}
,"/Users/riroan/moneger/app/api/auth/password/route.ts": {"path":"/Users/riroan/moneger/app/api/auth/password/route.ts","statementMap":{"0":{"start":{"line":7,"column":22},"end":{"line":7,"column":28}},"1":{"start":{"line":1,"column":42},"end":{"line":1,"column":null}},"2":{"start":{"line":2,"column":23},"end":{"line":2,"column":null}},"3":{"start":{"line":3,"column":19},"end":{"line":3,"column":null}},"4":{"start":{"line":4,"column":23},"end":{"line":4,"column":null}},"5":{"start":{"line":8,"column":2},"end":{"line":74,"column":null}},"6":{"start":{"line":9,"column":17},"end":{"line":9,"column":null}},"7":{"start":{"line":10,"column":53},"end":{"line":10,"column":null}},"8":{"start":{"line":13,"column":4},"end":{"line":18,"column":null}},"9":{"start":{"line":14,"column":6},"end":{"line":16,"column":null}},"10":{"start":{"line":20,"column":4},"end":{"line":25,"column":null}},"11":{"start":{"line":21,"column":6},"end":{"line":23,"column":null}},"12":{"start":{"line":28,"column":17},"end":{"line":33,"column":null}},"13":{"start":{"line":35,"column":4},"end":{"line":40,"column":null}},"14":{"start":{"line":36,"column":6},"end":{"line":38,"column":null}},"15":{"start":{"line":43,"column":28},"end":{"line":43,"column":null}},"16":{"start":{"line":45,"column":4},"end":{"line":50,"column":null}},"17":{"start":{"line":46,"column":6},"end":{"line":48,"column":null}},"18":{"start":{"line":53,"column":27},"end":{"line":53,"column":null}},"19":{"start":{"line":56,"column":4},"end":{"line":59,"column":null}},"20":{"start":{"line":61,"column":4},"end":{"line":66,"column":null}},"21":{"start":{"line":69,"column":4},"end":{"line":69,"column":null}},"22":{"start":{"line":70,"column":4},"end":{"line":72,"column":null}}},"fnMap":{"0":{"name":"PATCH","decl":{"start":{"line":7,"column":22},"end":{"line":7,"column":28}},"loc":{"start":{"line":7,"column":48},"end":{"line":75,"column":null}}}},"branchMap":{"0":{"loc":{"start":{"line":13,"column":4},"end":{"line":18,"column":null}},"type":"if","locations":[{"start":{"line":13,"column":4},"end":{"line":18,"column":null}},{"start":{},"end":{}}]},"1":{"loc":{"start":{"line":13,"column":8},"end":{"line":13,"column":53}},"type":"binary-expr","locations":[{"start":{"line":13,"column":8},"end":{"line":13,"column":19}},{"start":{"line":13,"column":19},"end":{"line":13,"column":39}},{"start":{"line":13,"column":39},"end":{"line":13,"column":53}}]},"2":{"loc":{"start":{"line":20,"column":4},"end":{"line":25,"column":null}},"type":"if","locations":[{"start":{"line":20,"column":4},"end":{"line":25,"column":null}},{"start":{},"end":{}}]},"3":{"loc":{"start":{"line":35,"column":4},"end":{"line":40,"column":null}},"type":"if","locations":[{"start":{"line":35,"column":4},"end":{"line":40,"column":null}},{"start":{},"end":{}}]},"4":{"loc":{"start":{"line":45,"column":4},"end":{"line":50,"column":null}},"type":"if","locations":[{"start":{"line":45,"column":4},"end":{"line":50,"column":null}},{"start":{},"end":{}}]}},"s":{"0":6,"1":1,"2":1,"3":1,"4":1,"5":6,"6":6,"7":6,"8":6,"9":1,"10":5,"11":1,"12":4,"13":3,"14":1,"15":2,"16":2,"17":1,"18":1,"19":1,"20":1,"21":1,"22":1},"f":{"0":6},"b":{"0":[1,5],"1":[6,6,6],"2":[1,4],"3":[1,2],"4":[1,1]}}
,"/Users/riroan/moneger/app/api/auth/signup/route.ts": {"path":"/Users/riroan/moneger/app/api/auth/signup/route.ts","statementMap":{"0":{"start":{"line":7,"column":22},"end":{"line":7,"column":27}},"1":{"start":{"line":1,"column":42},"end":{"line":1,"column":null}},"2":{"start":{"line":2,"column":23},"end":{"line":2,"column":null}},"3":{"start":{"line":3,"column":19},"end":{"line":3,"column":null}},"4":{"start":{"line":4,"column":23},"end":{"line":4,"column":null}},"5":{"start":{"line":8,"column":2},"end":{"line":73,"column":null}},"6":{"start":{"line":9,"column":17},"end":{"line":9,"column":null}},"7":{"start":{"line":10,"column":38},"end":{"line":10,"column":null}},"8":{"start":{"line":13,"column":4},"end":{"line":18,"column":null}},"9":{"start":{"line":14,"column":6},"end":{"line":16,"column":null}},"10":{"start":{"line":20,"column":4},"end":{"line":25,"column":null}},"11":{"start":{"line":21,"column":6},"end":{"line":23,"column":null}},"12":{"start":{"line":28,"column":25},"end":{"line":33,"column":null}},"13":{"start":{"line":35,"column":4},"end":{"line":40,"column":null}},"14":{"start":{"line":36,"column":6},"end":{"line":38,"column":null}},"15":{"start":{"line":43,"column":27},"end":{"line":43,"column":null}},"16":{"start":{"line":46,"column":17},"end":{"line":52,"column":null}},"17":{"start":{"line":55,"column":52},"end":{"line":55,"column":null}},"18":{"start":{"line":57,"column":4},"end":{"line":65,"column":null}},"19":{"start":{"line":68,"column":4},"end":{"line":68,"column":null}},"20":{"start":{"line":69,"column":4},"end":{"line":71,"column":null}}},"fnMap":{"0":{"name":"POST","decl":{"start":{"line":7,"column":22},"end":{"line":7,"column":27}},"loc":{"start":{"line":7,"column":47},"end":{"line":74,"column":null}}}},"branchMap":{"0":{"loc":{"start":{"line":13,"column":4},"end":{"line":18,"column":null}},"type":"if","locations":[{"start":{"line":13,"column":4},"end":{"line":18,"column":null}},{"start":{},"end":{}}]},"1":{"loc":{"start":{"line":13,"column":8},"end":{"line":13,"column":29}},"type":"binary-expr","locations":[{"start":{"line":13,"column":8},"end":{"line":13,"column":18}},{"start":{"line":13,"column":18},"end":{"line":13,"column":29}}]},"2":{"loc":{"start":{"line":20,"column":4},"end":{"line":25,"column":null}},"type":"if","locations":[{"start":{"line":20,"column":4},"end":{"line":25,"column":null}},{"start":{},"end":{}}]},"3":{"loc":{"start":{"line":35,"column":4},"end":{"line":40,"column":null}},"type":"if","locations":[{"start":{"line":35,"column":4},"end":{"line":40,"column":null}},{"start":{},"end":{}}]},"4":{"loc":{"start":{"line":50,"column":14},"end":{"line":50,"column":null}},"type":"binary-expr","locations":[{"start":{"line":50,"column":14},"end":{"line":50,"column":22}},{"start":{"line":50,"column":22},"end":{"line":50,"column":null}}]}},"s":{"0":6,"1":1,"2":1,"3":1,"4":1,"5":6,"6":6,"7":6,"8":6,"9":2,"10":4,"11":1,"12":3,"13":2,"14":1,"15":1,"16":1,"17":1,"18":1,"19":1,"20":1},"f":{"0":6},"b":{"0":[2,4],"1":[6,5],"2":[1,3],"3":[1,1],"4":[1,0]}}
,"/Users/riroan/moneger/app/api/budgets/route.ts": {"path":"/Users/riroan/moneger/app/api/budgets/route.ts","statementMap":{"0":{"start":{"line":118,"column":22},"end":{"line":118,"column":29}},"1":{"start":{"line":12,"column":22},"end":{"line":12,"column":26}},"2":{"start":{"line":65,"column":22},"end":{"line":65,"column":27}},"3":{"start":{"line":2,"column":23},"end":{"line":2,"column":null}},"4":{"start":{"line":8,"column":7},"end":{"line":8,"column":null}},"5":{"start":{"line":9,"column":23},"end":{"line":9,"column":null}},"6":{"start":{"line":13,"column":2},"end":{"line":61,"column":null}},"7":{"start":{"line":14,"column":25},"end":{"line":14,"column":53}},"8":{"start":{"line":15,"column":19},"end":{"line":15,"column":null}},"9":{"start":{"line":16,"column":17},"end":{"line":16,"column":null}},"10":{"start":{"line":17,"column":18},"end":{"line":17,"column":null}},"11":{"start":{"line":19,"column":24},"end":{"line":19,"column":null}},"12":{"start":{"line":20,"column":4},"end":{"line":20,"column":null}},"13":{"start":{"line":20,"column":21},"end":{"line":20,"column":null}},"14":{"start":{"line":23,"column":4},"end":{"line":41,"column":null}},"15":{"start":{"line":24,"column":24},"end":{"line":24,"column":null}},"16":{"start":{"line":26,"column":22},"end":{"line":38,"column":null}},"17":{"start":{"line":40,"column":6},"end":{"line":40,"column":null}},"18":{"start":{"line":44,"column":20},"end":{"line":55,"column":null}},"19":{"start":{"line":57,"column":4},"end":{"line":57,"column":null}},"20":{"start":{"line":59,"column":4},"end":{"line":59,"column":null}},"21":{"start":{"line":60,"column":4},"end":{"line":60,"column":null}},"22":{"start":{"line":66,"column":2},"end":{"line":114,"column":null}},"23":{"start":{"line":67,"column":17},"end":{"line":67,"column":null}},"24":{"start":{"line":68,"column":56},"end":{"line":68,"column":null}},"25":{"start":{"line":70,"column":24},"end":{"line":70,"column":null}},"26":{"start":{"line":71,"column":4},"end":{"line":71,"column":null}},"27":{"start":{"line":71,"column":21},"end":{"line":71,"column":null}},"28":{"start":{"line":73,"column":4},"end":{"line":75,"column":null}},"29":{"start":{"line":74,"column":6},"end":{"line":74,"column":null}},"30":{"start":{"line":77,"column":4},"end":{"line":79,"column":null}},"31":{"start":{"line":78,"column":6},"end":{"line":78,"column":null}},"32":{"start":{"line":81,"column":4},"end":{"line":83,"column":null}},"33":{"start":{"line":82,"column":6},"end":{"line":82,"column":null}},"34":{"start":{"line":85,"column":22},"end":{"line":85,"column":null}},"35":{"start":{"line":88,"column":19},"end":{"line":108,"column":null}},"36":{"start":{"line":110,"column":4},"end":{"line":110,"column":null}},"37":{"start":{"line":112,"column":4},"end":{"line":112,"column":null}},"38":{"start":{"line":113,"column":4},"end":{"line":113,"column":null}},"39":{"start":{"line":119,"column":2},"end":{"line":152,"column":null}},"40":{"start":{"line":120,"column":25},"end":{"line":120,"column":53}},"41":{"start":{"line":121,"column":19},"end":{"line":121,"column":null}},"42":{"start":{"line":122,"column":23},"end":{"line":122,"column":null}},"43":{"start":{"line":123,"column":17},"end":{"line":123,"column":null}},"44":{"start":{"line":124,"column":18},"end":{"line":124,"column":null}},"45":{"start":{"line":126,"column":24},"end":{"line":126,"column":null}},"46":{"start":{"line":127,"column":4},"end":{"line":127,"column":null}},"47":{"start":{"line":127,"column":21},"end":{"line":127,"column":null}},"48":{"start":{"line":129,"column":4},"end":{"line":131,"column":null}},"49":{"start":{"line":130,"column":6},"end":{"line":130,"column":null}},"50":{"start":{"line":133,"column":22},"end":{"line":133,"column":null}},"51":{"start":{"line":136,"column":4},"end":{"line":146,"column":null}},"52":{"start":{"line":148,"column":4},"end":{"line":148,"column":null}},"53":{"start":{"line":150,"column":4},"end":{"line":150,"column":null}},"54":{"start":{"line":151,"column":4},"end":{"line":151,"column":null}}},"fnMap":{"0":{"name":"GET","decl":{"start":{"line":12,"column":22},"end":{"line":12,"column":26}},"loc":{"start":{"line":12,"column":46},"end":{"line":62,"column":null}}},"1":{"name":"POST","decl":{"start":{"line":65,"column":22},"end":{"line":65,"column":27}},"loc":{"start":{"line":65,"column":47},"end":{"line":115,"column":null}}},"2":{"name":"DELETE","decl":{"start":{"line":118,"column":22},"end":{"line":118,"column":29}},"loc":{"start":{"line":118,"column":49},"end":{"line":153,"column":null}}}},"branchMap":{"0":{"loc":{"start":{"line":20,"column":4},"end":{"line":20,"column":null}},"type":"if","locations":[{"start":{"line":20,"column":4},"end":{"line":20,"column":null}},{"start":{},"end":{}}]},"1":{"loc":{"start":{"line":23,"column":4},"end":{"line":41,"column":null}},"type":"if","locations":[{"start":{"line":23,"column":4},"end":{"line":41,"column":null}},{"start":{},"end":{}}]},"2":{"loc":{"start":{"line":23,"column":8},"end":{"line":23,"column":23}},"type":"binary-expr","locations":[{"start":{"line":23,"column":8},"end":{"line":23,"column":16}},{"start":{"line":23,"column":16},"end":{"line":23,"column":23}}]},"3":{"loc":{"start":{"line":71,"column":4},"end":{"line":71,"column":null}},"type":"if","locations":[{"start":{"line":71,"column":4},"end":{"line":71,"column":null}},{"start":{},"end":{}}]},"4":{"loc":{"start":{"line":73,"column":4},"end":{"line":75,"column":null}},"type":"if","locations":[{"start":{"line":73,"column":4},"end":{"line":75,"column":null}},{"start":{},"end":{}}]},"5":{"loc":{"start":{"line":77,"column":4},"end":{"line":79,"column":null}},"type":"if","locations":[{"start":{"line":77,"column":4},"end":{"line":79,"column":null}},{"start":{},"end":{}}]},"6":{"loc":{"start":{"line":77,"column":8},"end":{"line":77,"column":44}},"type":"binary-expr","locations":[{"start":{"line":77,"column":8},"end":{"line":77,"column":32}},{"start":{"line":77,"column":32},"end":{"line":77,"column":44}}]},"7":{"loc":{"start":{"line":81,"column":4},"end":{"line":83,"column":null}},"type":"if","locations":[{"start":{"line":81,"column":4},"end":{"line":83,"column":null}},{"start":{},"end":{}}]},"8":{"loc":{"start":{"line":81,"column":8},"end":{"line":81,"column":25}},"type":"binary-expr","locations":[{"start":{"line":81,"column":8},"end":{"line":81,"column":17}},{"start":{"line":81,"column":17},"end":{"line":81,"column":25}}]},"9":{"loc":{"start":{"line":127,"column":4},"end":{"line":127,"column":null}},"type":"if","locations":[{"start":{"line":127,"column":4},"end":{"line":127,"column":null}},{"start":{},"end":{}}]},"10":{"loc":{"start":{"line":129,"column":4},"end":{"line":131,"column":null}},"type":"if","locations":[{"start":{"line":129,"column":4},"end":{"line":131,"column":null}},{"start":{},"end":{}}]},"11":{"loc":{"start":{"line":129,"column":8},"end":{"line":129,"column":40}},"type":"binary-expr","locations":[{"start":{"line":129,"column":8},"end":{"line":129,"column":23}},{"start":{"line":129,"column":23},"end":{"line":129,"column":32}},{"start":{"line":129,"column":32},"end":{"line":129,"column":40}}]}},"s":{"0":4,"1":4,"2":6,"3":1,"4":1,"5":1,"6":4,"7":4,"8":4,"9":4,"10":4,"11":4,"12":4,"13":1,"14":3,"15":1,"16":1,"17":1,"18":2,"19":1,"20":1,"21":1,"22":6,"23":6,"24":6,"25":6,"26":6,"27":1,"28":5,"29":1,"30":4,"31":1,"32":3,"33":1,"34":2,"35":2,"36":1,"37":1,"38":1,"39":4,"40":4,"41":4,"42":4,"43":4,"44":4,"45":4,"46":4,"47":1,"48":3,"49":1,"50":2,"51":2,"52":0,"53":2,"54":2},"f":{"0":4,"1":6,"2":4},"b":{"0":[1,3],"1":[1,2],"2":[3,1],"3":[1,5],"4":[1,4],"5":[1,3],"6":[4,4],"7":[1,2],"8":[3,2],"9":[1,3],"10":[1,2],"11":[3,2,2]}}
,"/Users/riroan/moneger/app/api/categories/route.ts": {"path":"/Users/riroan/moneger/app/api/categories/route.ts","statementMap":{"0":{"start":{"line":18,"column":22},"end":{"line":18,"column":26}},"1":{"start":{"line":41,"column":22},"end":{"line":41,"column":27}},"2":{"start":{"line":9,"column":7},"end":{"line":9,"column":null}},"3":{"start":{"line":10,"column":23},"end":{"line":10,"column":null}},"4":{"start":{"line":15,"column":7},"end":{"line":15,"column":null}},"5":{"start":{"line":19,"column":2},"end":{"line":37,"column":null}},"6":{"start":{"line":20,"column":25},"end":{"line":20,"column":53}},"7":{"start":{"line":21,"column":19},"end":{"line":21,"column":null}},"8":{"start":{"line":22,"column":17},"end":{"line":22,"column":null}},"9":{"start":{"line":24,"column":24},"end":{"line":24,"column":null}},"10":{"start":{"line":25,"column":4},"end":{"line":25,"column":null}},"11":{"start":{"line":25,"column":21},"end":{"line":25,"column":null}},"12":{"start":{"line":27,"column":23},"end":{"line":29,"column":null}},"13":{"start":{"line":33,"column":4},"end":{"line":33,"column":null}},"14":{"start":{"line":35,"column":4},"end":{"line":35,"column":null}},"15":{"start":{"line":36,"column":4},"end":{"line":36,"column":null}},"16":{"start":{"line":42,"column":2},"end":{"line":70,"column":null}},"17":{"start":{"line":43,"column":17},"end":{"line":43,"column":null}},"18":{"start":{"line":44,"column":63},"end":{"line":44,"column":null}},"19":{"start":{"line":47,"column":24},"end":{"line":47,"column":null}},"20":{"start":{"line":48,"column":4},"end":{"line":48,"column":null}},"21":{"start":{"line":48,"column":21},"end":{"line":48,"column":null}},"22":{"start":{"line":50,"column":4},"end":{"line":52,"column":null}},"23":{"start":{"line":51,"column":6},"end":{"line":51,"column":null}},"24":{"start":{"line":54,"column":22},"end":{"line":54,"column":null}},"25":{"start":{"line":55,"column":4},"end":{"line":55,"column":null}},"26":{"start":{"line":55,"column":19},"end":{"line":55,"column":null}},"27":{"start":{"line":58,"column":29},"end":{"line":58,"column":null}},"28":{"start":{"line":59,"column":4},"end":{"line":61,"column":null}},"29":{"start":{"line":60,"column":6},"end":{"line":60,"column":null}},"30":{"start":{"line":64,"column":21},"end":{"line":64,"column":null}},"31":{"start":{"line":66,"column":4},"end":{"line":66,"column":null}},"32":{"start":{"line":68,"column":4},"end":{"line":68,"column":null}},"33":{"start":{"line":69,"column":4},"end":{"line":69,"column":null}}},"fnMap":{"0":{"name":"GET","decl":{"start":{"line":18,"column":22},"end":{"line":18,"column":26}},"loc":{"start":{"line":18,"column":46},"end":{"line":38,"column":null}}},"1":{"name":"POST","decl":{"start":{"line":41,"column":22},"end":{"line":41,"column":27}},"loc":{"start":{"line":41,"column":47},"end":{"line":71,"column":null}}}},"branchMap":{"0":{"loc":{"start":{"line":25,"column":4},"end":{"line":25,"column":null}},"type":"if","locations":[{"start":{"line":25,"column":4},"end":{"line":25,"column":null}},{"start":{},"end":{}}]},"1":{"loc":{"start":{"line":29,"column":6},"end":{"line":29,"column":null}},"type":"cond-expr","locations":[{"start":{"line":29,"column":58},"end":{"line":29,"column":65}},{"start":{"line":29,"column":65},"end":{"line":29,"column":null}}]},"2":{"loc":{"start":{"line":29,"column":6},"end":{"line":29,"column":58}},"type":"binary-expr","locations":[{"start":{"line":29,"column":6},"end":{"line":29,"column":15}},{"start":{"line":29,"column":15},"end":{"line":29,"column":36}},{"start":{"line":29,"column":36},"end":{"line":29,"column":53}}]},"3":{"loc":{"start":{"line":48,"column":4},"end":{"line":48,"column":null}},"type":"if","locations":[{"start":{"line":48,"column":4},"end":{"line":48,"column":null}},{"start":{},"end":{}}]},"4":{"loc":{"start":{"line":50,"column":4},"end":{"line":52,"column":null}},"type":"if","locations":[{"start":{"line":50,"column":4},"end":{"line":52,"column":null}},{"start":{},"end":{}}]},"5":{"loc":{"start":{"line":55,"column":4},"end":{"line":55,"column":null}},"type":"if","locations":[{"start":{"line":55,"column":4},"end":{"line":55,"column":null}},{"start":{},"end":{}}]},"6":{"loc":{"start":{"line":59,"column":4},"end":{"line":61,"column":null}},"type":"if","locations":[{"start":{"line":59,"column":4},"end":{"line":61,"column":null}},{"start":{},"end":{}}]}},"s":{"0":4,"1":6,"2":1,"3":1,"4":1,"5":4,"6":4,"7":4,"8":4,"9":4,"10":4,"11":1,"12":3,"13":2,"14":1,"15":1,"16":6,"17":6,"18":6,"19":6,"20":6,"21":1,"22":5,"23":1,"24":4,"25":4,"26":1,"27":3,"28":2,"29":1,"30":1,"31":1,"32":1,"33":1},"f":{"0":4,"1":6},"b":{"0":[1,3],"1":[1,2],"2":[3,1,1],"3":[1,5],"4":[1,4],"5":[1,3],"6":[1,1]}}
,"/Users/riroan/moneger/app/api/categories/[id]/route.ts": {"path":"/Users/riroan/moneger/app/api/categories/[id]/route.ts","statementMap":{"0":{"start":{"line":60,"column":22},"end":{"line":60,"column":null}},"1":{"start":{"line":17,"column":22},"end":{"line":17,"column":null}},"2":{"start":{"line":7,"column":7},"end":{"line":7,"column":null}},"3":{"start":{"line":8,"column":23},"end":{"line":8,"column":null}},"4":{"start":{"line":14,"column":7},"end":{"line":14,"column":null}},"5":{"start":{"line":21,"column":2},"end":{"line":56,"column":null}},"6":{"start":{"line":22,"column":19},"end":{"line":22,"column":null}},"7":{"start":{"line":23,"column":17},"end":{"line":23,"column":null}},"8":{"start":{"line":24,"column":63},"end":{"line":24,"column":null}},"9":{"start":{"line":26,"column":24},"end":{"line":26,"column":null}},"10":{"start":{"line":27,"column":4},"end":{"line":27,"column":null}},"11":{"start":{"line":27,"column":21},"end":{"line":27,"column":null}},"12":{"start":{"line":30,"column":29},"end":{"line":30,"column":null}},"13":{"start":{"line":31,"column":4},"end":{"line":33,"column":null}},"14":{"start":{"line":32,"column":6},"end":{"line":32,"column":null}},"15":{"start":{"line":36,"column":4},"end":{"line":39,"column":null}},"16":{"start":{"line":37,"column":24},"end":{"line":37,"column":null}},"17":{"start":{"line":38,"column":6},"end":{"line":38,"column":null}},"18":{"start":{"line":38,"column":21},"end":{"line":38,"column":null}},"19":{"start":{"line":42,"column":4},"end":{"line":47,"column":null}},"20":{"start":{"line":43,"column":24},"end":{"line":43,"column":null}},"21":{"start":{"line":44,"column":6},"end":{"line":46,"column":null}},"22":{"start":{"line":45,"column":8},"end":{"line":45,"column":null}},"23":{"start":{"line":50,"column":28},"end":{"line":50,"column":null}},"24":{"start":{"line":52,"column":4},"end":{"line":52,"column":null}},"25":{"start":{"line":54,"column":4},"end":{"line":54,"column":null}},"26":{"start":{"line":55,"column":4},"end":{"line":55,"column":null}},"27":{"start":{"line":64,"column":2},"end":{"line":85,"column":null}},"28":{"start":{"line":65,"column":19},"end":{"line":65,"column":null}},"29":{"start":{"line":66,"column":17},"end":{"line":66,"column":null}},"30":{"start":{"line":67,"column":23},"end":{"line":67,"column":null}},"31":{"start":{"line":69,"column":24},"end":{"line":69,"column":null}},"32":{"start":{"line":70,"column":4},"end":{"line":70,"column":null}},"33":{"start":{"line":70,"column":21},"end":{"line":70,"column":null}},"34":{"start":{"line":73,"column":29},"end":{"line":73,"column":null}},"35":{"start":{"line":74,"column":4},"end":{"line":76,"column":null}},"36":{"start":{"line":75,"column":6},"end":{"line":75,"column":null}},"37":{"start":{"line":79,"column":4},"end":{"line":79,"column":null}},"38":{"start":{"line":81,"column":4},"end":{"line":81,"column":null}},"39":{"start":{"line":83,"column":4},"end":{"line":83,"column":null}},"40":{"start":{"line":84,"column":4},"end":{"line":84,"column":null}}},"fnMap":{"0":{"name":"PATCH","decl":{"start":{"line":17,"column":22},"end":{"line":17,"column":null}},"loc":{"start":{"line":19,"column":49},"end":{"line":57,"column":null}}},"1":{"name":"DELETE","decl":{"start":{"line":60,"column":22},"end":{"line":60,"column":null}},"loc":{"start":{"line":62,"column":49},"end":{"line":86,"column":null}}}},"branchMap":{"0":{"loc":{"start":{"line":27,"column":4},"end":{"line":27,"column":null}},"type":"if","locations":[{"start":{"line":27,"column":4},"end":{"line":27,"column":null}},{"start":{},"end":{}}]},"1":{"loc":{"start":{"line":31,"column":4},"end":{"line":33,"column":null}},"type":"if","locations":[{"start":{"line":31,"column":4},"end":{"line":33,"column":null}},{"start":{},"end":{}}]},"2":{"loc":{"start":{"line":36,"column":4},"end":{"line":39,"column":null}},"type":"if","locations":[{"start":{"line":36,"column":4},"end":{"line":39,"column":null}},{"start":{},"end":{}}]},"3":{"loc":{"start":{"line":38,"column":6},"end":{"line":38,"column":null}},"type":"if","locations":[{"start":{"line":38,"column":6},"end":{"line":38,"column":null}},{"start":{},"end":{}}]},"4":{"loc":{"start":{"line":42,"column":4},"end":{"line":47,"column":null}},"type":"if","locations":[{"start":{"line":42,"column":4},"end":{"line":47,"column":null}},{"start":{},"end":{}}]},"5":{"loc":{"start":{"line":42,"column":8},"end":{"line":42,"column":22}},"type":"binary-expr","locations":[{"start":{"line":42,"column":8},"end":{"line":42,"column":16}},{"start":{"line":42,"column":16},"end":{"line":42,"column":22}}]},"6":{"loc":{"start":{"line":44,"column":6},"end":{"line":46,"column":null}},"type":"if","locations":[{"start":{"line":44,"column":6},"end":{"line":46,"column":null}},{"start":{},"end":{}}]},"7":{"loc":{"start":{"line":70,"column":4},"end":{"line":70,"column":null}},"type":"if","locations":[{"start":{"line":70,"column":4},"end":{"line":70,"column":null}},{"start":{},"end":{}}]},"8":{"loc":{"start":{"line":74,"column":4},"end":{"line":76,"column":null}},"type":"if","locations":[{"start":{"line":74,"column":4},"end":{"line":76,"column":null}},{"start":{},"end":{}}]}},"s":{"0":4,"1":6,"2":1,"3":1,"4":1,"5":6,"6":6,"7":6,"8":6,"9":6,"10":6,"11":1,"12":5,"13":4,"14":1,"15":3,"16":2,"17":2,"18":1,"19":2,"20":1,"21":1,"22":1,"23":1,"24":1,"25":1,"26":1,"27":4,"28":4,"29":4,"30":4,"31":4,"32":4,"33":1,"34":3,"35":2,"36":1,"37":1,"38":1,"39":1,"40":1},"f":{"0":6,"1":4},"b":{"0":[1,5],"1":[1,3],"2":[2,1],"3":[1,1],"4":[1,1],"5":[2,2],"6":[1,0],"7":[1,3],"8":[1,1]}}
,"/Users/riroan/moneger/app/api/categories/seed/route.ts": {"path":"/Users/riroan/moneger/app/api/categories/seed/route.ts","statementMap":{"0":{"start":{"line":6,"column":22},"end":{"line":6,"column":27}},"1":{"start":{"line":1,"column":42},"end":{"line":1,"column":null}},"2":{"start":{"line":2,"column":23},"end":{"line":2,"column":null}},"3":{"start":{"line":3,"column":23},"end":{"line":3,"column":null}},"4":{"start":{"line":7,"column":2},"end":{"line":96,"column":null}},"5":{"start":{"line":8,"column":17},"end":{"line":8,"column":null}},"6":{"start":{"line":9,"column":23},"end":{"line":9,"column":null}},"7":{"start":{"line":11,"column":4},"end":{"line":16,"column":null}},"8":{"start":{"line":12,"column":6},"end":{"line":14,"column":null}},"9":{"start":{"line":19,"column":31},"end":{"line":24,"column":null}},"10":{"start":{"line":26,"column":4},"end":{"line":31,"column":null}},"11":{"start":{"line":27,"column":6},"end":{"line":29,"column":null}},"12":{"start":{"line":34,"column":30},"end":{"line":45,"column":null}},"13":{"start":{"line":48,"column":29},"end":{"line":53,"column":null}},"14":{"start":{"line":56,"column":30},"end":{"line":79,"column":null}},"15":{"start":{"line":58,"column":8},"end":{"line":66,"column":null}},"16":{"start":{"line":69,"column":8},"end":{"line":77,"column":null}},"17":{"start":{"line":81,"column":4},"end":{"line":88,"column":null}},"18":{"start":{"line":91,"column":4},"end":{"line":91,"column":null}},"19":{"start":{"line":92,"column":4},"end":{"line":94,"column":null}}},"fnMap":{"0":{"name":"POST","decl":{"start":{"line":6,"column":22},"end":{"line":6,"column":27}},"loc":{"start":{"line":6,"column":47},"end":{"line":97,"column":null}}},"1":{"name":"(anonymous_2)","decl":{"start":{"line":57,"column":31},"end":{"line":57,"column":32}},"loc":{"start":{"line":58,"column":8},"end":{"line":66,"column":null}}},"2":{"name":"(anonymous_3)","decl":{"start":{"line":68,"column":30},"end":{"line":68,"column":31}},"loc":{"start":{"line":69,"column":8},"end":{"line":77,"column":null}}}},"branchMap":{"0":{"loc":{"start":{"line":11,"column":4},"end":{"line":16,"column":null}},"type":"if","locations":[{"start":{"line":11,"column":4},"end":{"line":16,"column":null}},{"start":{},"end":{}}]},"1":{"loc":{"start":{"line":26,"column":4},"end":{"line":31,"column":null}},"type":"if","locations":[{"start":{"line":26,"column":4},"end":{"line":31,"column":null}},{"start":{},"end":{}}]}},"s":{"0":4,"1":1,"2":1,"3":1,"4":4,"5":4,"6":4,"7":4,"8":1,"9":3,"10":2,"11":1,"12":1,"13":1,"14":1,"15":10,"16":4,"17":1,"18":1,"19":1},"f":{"0":4,"1":10,"2":4},"b":{"0":[1,3],"1":[1,1]}}
,"/Users/riroan/moneger/app/api/daily-balance/route.ts": {"path":"/Users/riroan/moneger/app/api/daily-balance/route.ts","statementMap":{"0":{"start":{"line":46,"column":22},"end":{"line":46,"column":26}},"1":{"start":{"line":17,"column":22},"end":{"line":17,"column":27}},"2":{"start":{"line":7,"column":7},"end":{"line":7,"column":null}},"3":{"start":{"line":8,"column":23},"end":{"line":8,"column":null}},"4":{"start":{"line":14,"column":7},"end":{"line":14,"column":null}},"5":{"start":{"line":18,"column":2},"end":{"line":41,"column":null}},"6":{"start":{"line":19,"column":17},"end":{"line":19,"column":null}},"7":{"start":{"line":20,"column":55},"end":{"line":20,"column":null}},"8":{"start":{"line":22,"column":24},"end":{"line":22,"column":null}},"9":{"start":{"line":23,"column":4},"end":{"line":23,"column":null}},"10":{"start":{"line":23,"column":21},"end":{"line":23,"column":null}},"11":{"start":{"line":25,"column":4},"end":{"line":27,"column":null}},"12":{"start":{"line":26,"column":6},"end":{"line":26,"column":null}},"13":{"start":{"line":29,"column":25},"end":{"line":34,"column":null}},"14":{"start":{"line":37,"column":4},"end":{"line":37,"column":null}},"15":{"start":{"line":39,"column":4},"end":{"line":39,"column":null}},"16":{"start":{"line":40,"column":4},"end":{"line":40,"column":null}},"17":{"start":{"line":47,"column":2},"end":{"line":84,"column":null}},"18":{"start":{"line":48,"column":29},"end":{"line":48,"column":null}},"19":{"start":{"line":49,"column":19},"end":{"line":49,"column":null}},"20":{"start":{"line":50,"column":17},"end":{"line":50,"column":null}},"21":{"start":{"line":51,"column":18},"end":{"line":51,"column":null}},"22":{"start":{"line":52,"column":17},"end":{"line":52,"column":null}},"23":{"start":{"line":54,"column":24},"end":{"line":54,"column":null}},"24":{"start":{"line":55,"column":4},"end":{"line":55,"column":null}},"25":{"start":{"line":55,"column":21},"end":{"line":55,"column":null}},"26":{"start":{"line":58,"column":4},"end":{"line":69,"column":null}},"27":{"start":{"line":59,"column":22},"end":{"line":59,"column":null}},"28":{"start":{"line":60,"column":23},"end":{"line":60,"column":null}},"29":{"start":{"line":62,"column":6},"end":{"line":64,"column":null}},"30":{"start":{"line":63,"column":8},"end":{"line":63,"column":null}},"31":{"start":{"line":66,"column":30},"end":{"line":66,"column":null}},"32":{"start":{"line":68,"column":6},"end":{"line":68,"column":null}},"33":{"start":{"line":72,"column":26},"end":{"line":72,"column":null}},"34":{"start":{"line":75,"column":4},"end":{"line":78,"column":null}},"35":{"start":{"line":76,"column":33},"end":{"line":76,"column":null}},"36":{"start":{"line":77,"column":6},"end":{"line":77,"column":null}},"37":{"start":{"line":80,"column":4},"end":{"line":80,"column":null}},"38":{"start":{"line":82,"column":4},"end":{"line":82,"column":null}},"39":{"start":{"line":83,"column":4},"end":{"line":83,"column":null}}},"fnMap":{"0":{"name":"POST","decl":{"start":{"line":17,"column":22},"end":{"line":17,"column":27}},"loc":{"start":{"line":17,"column":47},"end":{"line":42,"column":null}}},"1":{"name":"GET","decl":{"start":{"line":46,"column":22},"end":{"line":46,"column":26}},"loc":{"start":{"line":46,"column":46},"end":{"line":85,"column":null}}}},"branchMap":{"0":{"loc":{"start":{"line":23,"column":4},"end":{"line":23,"column":null}},"type":"if","locations":[{"start":{"line":23,"column":4},"end":{"line":23,"column":null}},{"start":{},"end":{}}]},"1":{"loc":{"start":{"line":25,"column":4},"end":{"line":27,"column":null}},"type":"if","locations":[{"start":{"line":25,"column":4},"end":{"line":27,"column":null}},{"start":{},"end":{}}]},"2":{"loc":{"start":{"line":32,"column":6},"end":{"line":32,"column":null}},"type":"binary-expr","locations":[{"start":{"line":32,"column":6},"end":{"line":32,"column":17}},{"start":{"line":32,"column":17},"end":{"line":32,"column":null}}]},"3":{"loc":{"start":{"line":33,"column":6},"end":{"line":33,"column":null}},"type":"binary-expr","locations":[{"start":{"line":33,"column":6},"end":{"line":33,"column":16}},{"start":{"line":33,"column":16},"end":{"line":33,"column":null}}]},"4":{"loc":{"start":{"line":34,"column":6},"end":{"line":34,"column":null}},"type":"binary-expr","locations":[{"start":{"line":34,"column":6},"end":{"line":34,"column":17}},{"start":{"line":34,"column":17},"end":{"line":34,"column":null}}]},"5":{"loc":{"start":{"line":52,"column":26},"end":{"line":52,"column":59}},"type":"binary-expr","locations":[{"start":{"line":52,"column":26},"end":{"line":52,"column":54}},{"start":{"line":52,"column":54},"end":{"line":52,"column":59}}]},"6":{"loc":{"start":{"line":55,"column":4},"end":{"line":55,"column":null}},"type":"if","locations":[{"start":{"line":55,"column":4},"end":{"line":55,"column":null}},{"start":{},"end":{}}]},"7":{"loc":{"start":{"line":58,"column":4},"end":{"line":69,"column":null}},"type":"if","locations":[{"start":{"line":58,"column":4},"end":{"line":69,"column":null}},{"start":{},"end":{}}]},"8":{"loc":{"start":{"line":58,"column":8},"end":{"line":58,"column":23}},"type":"binary-expr","locations":[{"start":{"line":58,"column":8},"end":{"line":58,"column":16}},{"start":{"line":58,"column":16},"end":{"line":58,"column":23}}]},"9":{"loc":{"start":{"line":62,"column":6},"end":{"line":64,"column":null}},"type":"if","locations":[{"start":{"line":62,"column":6},"end":{"line":64,"column":null}},{"start":{},"end":{}}]},"10":{"loc":{"start":{"line":62,"column":10},"end":{"line":62,"column":78}},"type":"binary-expr","locations":[{"start":{"line":62,"column":10},"end":{"line":62,"column":28}},{"start":{"line":62,"column":28},"end":{"line":62,"column":47}},{"start":{"line":62,"column":47},"end":{"line":62,"column":63}},{"start":{"line":62,"column":63},"end":{"line":62,"column":78}}]},"11":{"loc":{"start":{"line":75,"column":4},"end":{"line":78,"column":null}},"type":"if","locations":[{"start":{"line":75,"column":4},"end":{"line":78,"column":null}},{"start":{},"end":{}}]}},"s":{"0":4,"1":4,"2":1,"3":1,"4":1,"5":4,"6":4,"7":4,"8":4,"9":4,"10":1,"11":3,"12":1,"13":2,"14":1,"15":1,"16":1,"17":4,"18":4,"19":4,"20":4,"21":4,"22":4,"23":4,"24":4,"25":1,"26":3,"27":0,"28":0,"29":0,"30":0,"31":0,"32":0,"33":3,"34":2,"35":1,"36":1,"37":1,"38":1,"39":1},"f":{"0":4,"1":4},"b":{"0":[1,3],"1":[1,2],"2":[2,0],"3":[2,1],"4":[2,1],"5":[4,1],"6":[1,3],"7":[0,3],"8":[3,0],"9":[0,0],"10":[0,0,0,0],"11":[1,1]}}
,"/Users/riroan/moneger/app/api/health/route.ts": {"path":"/Users/riroan/moneger/app/api/health/route.ts","statementMap":{"0":{"start":{"line":5,"column":22},"end":{"line":5,"column":null}},"1":{"start":{"line":1,"column":29},"end":{"line":1,"column":null}},"2":{"start":{"line":2,"column":23},"end":{"line":2,"column":null}},"3":{"start":{"line":3,"column":23},"end":{"line":3,"column":null}},"4":{"start":{"line":6,"column":2},"end":{"line":29,"column":null}},"5":{"start":{"line":8,"column":4},"end":{"line":8,"column":null}},"6":{"start":{"line":10,"column":4},"end":{"line":15,"column":null}},"7":{"start":{"line":17,"column":4},"end":{"line":17,"column":null}},"8":{"start":{"line":19,"column":4},"end":{"line":27,"column":null}}},"fnMap":{"0":{"name":"GET","decl":{"start":{"line":5,"column":22},"end":{"line":5,"column":null}},"loc":{"start":{"line":5,"column":22},"end":{"line":30,"column":null}}}},"branchMap":{"0":{"loc":{"start":{"line":25,"column":15},"end":{"line":25,"column":null}},"type":"cond-expr","locations":[{"start":{"line":25,"column":40},"end":{"line":25,"column":53}},{"start":{"line":25,"column":56},"end":{"line":25,"column":null}}]}},"s":{"0":2,"1":1,"2":1,"3":1,"4":2,"5":2,"6":1,"7":1,"8":1},"f":{"0":2},"b":{"0":[1,0]}}
,"/Users/riroan/moneger/app/api/savings/route.ts": {"path":"/Users/riroan/moneger/app/api/savings/route.ts","statementMap":{"0":{"start":{"line":7,"column":22},"end":{"line":7,"column":26}},"1":{"start":{"line":114,"column":22},"end":{"line":114,"column":27}},"2":{"start":{"line":2,"column":63},"end":{"line":2,"column":null}},"3":{"start":{"line":3,"column":23},"end":{"line":3,"column":null}},"4":{"start":{"line":4,"column":23},"end":{"line":4,"column":null}},"5":{"start":{"line":8,"column":2},"end":{"line":110,"column":null}},"6":{"start":{"line":9,"column":25},"end":{"line":9,"column":53}},"7":{"start":{"line":10,"column":19},"end":{"line":10,"column":null}},"8":{"start":{"line":12,"column":24},"end":{"line":12,"column":null}},"9":{"start":{"line":13,"column":4},"end":{"line":13,"column":null}},"10":{"start":{"line":13,"column":21},"end":{"line":13,"column":null}},"11":{"start":{"line":15,"column":16},"end":{"line":15,"column":null}},"12":{"start":{"line":16,"column":24},"end":{"line":16,"column":null}},"13":{"start":{"line":17,"column":25},"end":{"line":17,"column":45}},"14":{"start":{"line":20,"column":24},"end":{"line":35,"column":null}},"15":{"start":{"line":38,"column":27},"end":{"line":38,"column":null}},"16":{"start":{"line":39,"column":25},"end":{"line":39,"column":null}},"17":{"start":{"line":42,"column":20},"end":{"line":42,"column":null}},"18":{"start":{"line":42,"column":46},"end":{"line":42,"column":53}},"19":{"start":{"line":43,"column":34},"end":{"line":56,"column":null}},"20":{"start":{"line":59,"column":32},"end":{"line":59,"column":null}},"21":{"start":{"line":60,"column":4},"end":{"line":64,"column":null}},"22":{"start":{"line":61,"column":6},"end":{"line":63,"column":null}},"23":{"start":{"line":62,"column":8},"end":{"line":62,"column":null}},"24":{"start":{"line":67,"column":30},"end":{"line":104,"column":null}},"25":{"start":{"line":69,"column":24},"end":{"line":69,"column":null}},"26":{"start":{"line":70,"column":25},"end":{"line":70,"column":null}},"27":{"start":{"line":71,"column":26},"end":{"line":73,"column":null}},"28":{"start":{"line":77,"column":28},"end":{"line":77,"column":null}},"29":{"start":{"line":80,"column":31},"end":{"line":80,"column":null}},"30":{"start":{"line":83,"column":30},"end":{"line":83,"column":null}},"31":{"start":{"line":85,"column":30},"end":{"line":87,"column":null}},"32":{"start":{"line":89,"column":6},"end":{"line":103,"column":null}},"33":{"start":{"line":106,"column":4},"end":{"line":106,"column":null}},"34":{"start":{"line":108,"column":4},"end":{"line":108,"column":null}},"35":{"start":{"line":109,"column":4},"end":{"line":109,"column":null}},"36":{"start":{"line":115,"column":2},"end":{"line":142,"column":null}},"37":{"start":{"line":116,"column":17},"end":{"line":116,"column":null}},"38":{"start":{"line":117,"column":89},"end":{"line":117,"column":null}},"39":{"start":{"line":119,"column":24},"end":{"line":119,"column":null}},"40":{"start":{"line":120,"column":4},"end":{"line":120,"column":null}},"41":{"start":{"line":120,"column":21},"end":{"line":120,"column":null}},"42":{"start":{"line":122,"column":4},"end":{"line":124,"column":null}},"43":{"start":{"line":123,"column":6},"end":{"line":123,"column":null}},"44":{"start":{"line":126,"column":24},"end":{"line":136,"column":null}},"45":{"start":{"line":138,"column":4},"end":{"line":138,"column":null}},"46":{"start":{"line":140,"column":4},"end":{"line":140,"column":null}},"47":{"start":{"line":141,"column":4},"end":{"line":141,"column":null}}},"fnMap":{"0":{"name":"GET","decl":{"start":{"line":7,"column":22},"end":{"line":7,"column":26}},"loc":{"start":{"line":7,"column":46},"end":{"line":111,"column":null}}},"1":{"name":"(anonymous_4)","decl":{"start":{"line":42,"column":36},"end":{"line":42,"column":37}},"loc":{"start":{"line":42,"column":46},"end":{"line":42,"column":53}}},"2":{"name":"(anonymous_5)","decl":{"start":{"line":60,"column":34},"end":{"line":60,"column":35}},"loc":{"start":{"line":60,"column":35},"end":{"line":64,"column":null}}},"3":{"name":"(anonymous_6)","decl":{"start":{"line":67,"column":46},"end":{"line":67,"column":47}},"loc":{"start":{"line":67,"column":47},"end":{"line":104,"column":null}}},"4":{"name":"POST","decl":{"start":{"line":114,"column":22},"end":{"line":114,"column":27}},"loc":{"start":{"line":114,"column":47},"end":{"line":143,"column":null}}}},"branchMap":{"0":{"loc":{"start":{"line":13,"column":4},"end":{"line":13,"column":null}},"type":"if","locations":[{"start":{"line":13,"column":4},"end":{"line":13,"column":null}},{"start":{},"end":{}}]},"1":{"loc":{"start":{"line":61,"column":6},"end":{"line":63,"column":null}},"type":"if","locations":[{"start":{"line":61,"column":6},"end":{"line":63,"column":null}},{"start":{},"end":{}}]},"2":{"loc":{"start":{"line":62,"column":49},"end":{"line":62,"column":null}},"type":"binary-expr","locations":[{"start":{"line":62,"column":49},"end":{"line":62,"column":62}},{"start":{"line":62,"column":66},"end":{"line":62,"column":null}}]},"3":{"loc":{"start":{"line":80,"column":31},"end":{"line":80,"column":null}},"type":"binary-expr","locations":[{"start":{"line":80,"column":31},"end":{"line":80,"column":67}},{"start":{"line":80,"column":67},"end":{"line":80,"column":null}}]},"4":{"loc":{"start":{"line":85,"column":30},"end":{"line":87,"column":null}},"type":"cond-expr","locations":[{"start":{"line":86,"column":10},"end":{"line":86,"column":null}},{"start":{"line":87,"column":10},"end":{"line":87,"column":null}}]},"5":{"loc":{"start":{"line":120,"column":4},"end":{"line":120,"column":null}},"type":"if","locations":[{"start":{"line":120,"column":4},"end":{"line":120,"column":null}},{"start":{},"end":{}}]},"6":{"loc":{"start":{"line":122,"column":4},"end":{"line":124,"column":null}},"type":"if","locations":[{"start":{"line":122,"column":4},"end":{"line":124,"column":null}},{"start":{},"end":{}}]},"7":{"loc":{"start":{"line":122,"column":8},"end":{"line":122,"column":72}},"type":"binary-expr","locations":[{"start":{"line":122,"column":8},"end":{"line":122,"column":17}},{"start":{"line":122,"column":17},"end":{"line":122,"column":26}},{"start":{"line":122,"column":26},"end":{"line":122,"column":43}},{"start":{"line":122,"column":43},"end":{"line":122,"column":58}},{"start":{"line":122,"column":58},"end":{"line":122,"column":72}}]},"8":{"loc":{"start":{"line":132,"column":23},"end":{"line":132,"column":null}},"type":"binary-expr","locations":[{"start":{"line":132,"column":23},"end":{"line":132,"column":40}},{"start":{"line":132,"column":40},"end":{"line":132,"column":null}}]}},"s":{"0":4,"1":5,"2":1,"3":1,"4":1,"5":4,"6":4,"7":4,"8":4,"9":4,"10":1,"11":3,"12":3,"13":3,"14":3,"15":2,"16":2,"17":2,"18":4,"19":2,"20":2,"21":2,"22":2,"23":2,"24":2,"25":4,"26":4,"27":4,"28":4,"29":4,"30":4,"31":4,"32":4,"33":2,"34":1,"35":1,"36":5,"37":5,"38":5,"39":5,"40":5,"41":1,"42":4,"43":1,"44":3,"45":2,"46":1,"47":1},"f":{"0":4,"1":4,"2":2,"3":4,"4":5},"b":{"0":[1,3],"1":[2,0],"2":[2,0],"3":[4,2],"4":[4,0],"5":[1,4],"6":[1,3],"7":[4,4,3,3,3],"8":[3,2]}}
,"/Users/riroan/moneger/app/api/savings/[id]/route.ts": {"path":"/Users/riroan/moneger/app/api/savings/[id]/route.ts","statementMap":{"0":{"start":{"line":98,"column":22},"end":{"line":98,"column":null}},"1":{"start":{"line":56,"column":22},"end":{"line":56,"column":null}},"2":{"start":{"line":7,"column":22},"end":{"line":7,"column":null}},"3":{"start":{"line":2,"column":63},"end":{"line":2,"column":null}},"4":{"start":{"line":3,"column":23},"end":{"line":3,"column":null}},"5":{"start":{"line":4,"column":23},"end":{"line":4,"column":null}},"6":{"start":{"line":11,"column":2},"end":{"line":52,"column":null}},"7":{"start":{"line":12,"column":19},"end":{"line":12,"column":null}},"8":{"start":{"line":13,"column":17},"end":{"line":13,"column":null}},"9":{"start":{"line":14,"column":85},"end":{"line":14,"column":null}},"10":{"start":{"line":16,"column":24},"end":{"line":16,"column":null}},"11":{"start":{"line":17,"column":4},"end":{"line":17,"column":null}},"12":{"start":{"line":17,"column":21},"end":{"line":17,"column":null}},"13":{"start":{"line":20,"column":25},"end":{"line":22,"column":null}},"14":{"start":{"line":24,"column":4},"end":{"line":26,"column":null}},"15":{"start":{"line":25,"column":6},"end":{"line":25,"column":null}},"16":{"start":{"line":29,"column":4},"end":{"line":34,"column":null}},"17":{"start":{"line":30,"column":6},"end":{"line":33,"column":null}},"18":{"start":{"line":36,"column":24},"end":{"line":46,"column":null}},"19":{"start":{"line":48,"column":4},"end":{"line":48,"column":null}},"20":{"start":{"line":50,"column":4},"end":{"line":50,"column":null}},"21":{"start":{"line":51,"column":4},"end":{"line":51,"column":null}},"22":{"start":{"line":60,"column":2},"end":{"line":94,"column":null}},"23":{"start":{"line":61,"column":19},"end":{"line":61,"column":null}},"24":{"start":{"line":62,"column":17},"end":{"line":62,"column":null}},"25":{"start":{"line":63,"column":34},"end":{"line":63,"column":null}},"26":{"start":{"line":65,"column":24},"end":{"line":65,"column":null}},"27":{"start":{"line":66,"column":4},"end":{"line":66,"column":null}},"28":{"start":{"line":66,"column":21},"end":{"line":66,"column":null}},"29":{"start":{"line":69,"column":25},"end":{"line":71,"column":null}},"30":{"start":{"line":73,"column":4},"end":{"line":75,"column":null}},"31":{"start":{"line":74,"column":6},"end":{"line":74,"column":null}},"32":{"start":{"line":78,"column":4},"end":{"line":83,"column":null}},"33":{"start":{"line":79,"column":6},"end":{"line":82,"column":null}},"34":{"start":{"line":85,"column":24},"end":{"line":88,"column":null}},"35":{"start":{"line":90,"column":4},"end":{"line":90,"column":null}},"36":{"start":{"line":92,"column":4},"end":{"line":92,"column":null}},"37":{"start":{"line":93,"column":4},"end":{"line":93,"column":null}},"38":{"start":{"line":102,"column":2},"end":{"line":128,"column":null}},"39":{"start":{"line":103,"column":19},"end":{"line":103,"column":null}},"40":{"start":{"line":104,"column":25},"end":{"line":104,"column":53}},"41":{"start":{"line":105,"column":19},"end":{"line":105,"column":null}},"42":{"start":{"line":107,"column":24},"end":{"line":107,"column":null}},"43":{"start":{"line":108,"column":4},"end":{"line":108,"column":null}},"44":{"start":{"line":108,"column":21},"end":{"line":108,"column":null}},"45":{"start":{"line":111,"column":25},"end":{"line":113,"column":null}},"46":{"start":{"line":115,"column":4},"end":{"line":117,"column":null}},"47":{"start":{"line":116,"column":6},"end":{"line":116,"column":null}},"48":{"start":{"line":119,"column":4},"end":{"line":122,"column":null}},"49":{"start":{"line":124,"column":4},"end":{"line":124,"column":null}},"50":{"start":{"line":126,"column":4},"end":{"line":126,"column":null}},"51":{"start":{"line":127,"column":4},"end":{"line":127,"column":null}}},"fnMap":{"0":{"name":"PUT","decl":{"start":{"line":7,"column":22},"end":{"line":7,"column":null}},"loc":{"start":{"line":9,"column":49},"end":{"line":53,"column":null}}},"1":{"name":"PATCH","decl":{"start":{"line":56,"column":22},"end":{"line":56,"column":null}},"loc":{"start":{"line":58,"column":49},"end":{"line":95,"column":null}}},"2":{"name":"DELETE","decl":{"start":{"line":98,"column":22},"end":{"line":98,"column":null}},"loc":{"start":{"line":100,"column":49},"end":{"line":129,"column":null}}}},"branchMap":{"0":{"loc":{"start":{"line":17,"column":4},"end":{"line":17,"column":null}},"type":"if","locations":[{"start":{"line":17,"column":4},"end":{"line":17,"column":null}},{"start":{},"end":{}}]},"1":{"loc":{"start":{"line":24,"column":4},"end":{"line":26,"column":null}},"type":"if","locations":[{"start":{"line":24,"column":4},"end":{"line":26,"column":null}},{"start":{},"end":{}}]},"2":{"loc":{"start":{"line":29,"column":4},"end":{"line":34,"column":null}},"type":"if","locations":[{"start":{"line":29,"column":4},"end":{"line":34,"column":null}},{"start":{},"end":{}}]},"3":{"loc":{"start":{"line":44,"column":12},"end":{"line":44,"column":52}},"type":"binary-expr","locations":[{"start":{"line":44,"column":12},"end":{"line":44,"column":39}},{"start":{"line":44,"column":39},"end":{"line":44,"column":52}}]},"4":{"loc":{"start":{"line":66,"column":4},"end":{"line":66,"column":null}},"type":"if","locations":[{"start":{"line":66,"column":4},"end":{"line":66,"column":null}},{"start":{},"end":{}}]},"5":{"loc":{"start":{"line":73,"column":4},"end":{"line":75,"column":null}},"type":"if","locations":[{"start":{"line":73,"column":4},"end":{"line":75,"column":null}},{"start":{},"end":{}}]},"6":{"loc":{"start":{"line":78,"column":4},"end":{"line":83,"column":null}},"type":"if","locations":[{"start":{"line":78,"column":4},"end":{"line":83,"column":null}},{"start":{},"end":{}}]},"7":{"loc":{"start":{"line":108,"column":4},"end":{"line":108,"column":null}},"type":"if","locations":[{"start":{"line":108,"column":4},"end":{"line":108,"column":null}},{"start":{},"end":{}}]},"8":{"loc":{"start":{"line":115,"column":4},"end":{"line":117,"column":null}},"type":"if","locations":[{"start":{"line":115,"column":4},"end":{"line":117,"column":null}},{"start":{},"end":{}}]}},"s":{"0":4,"1":3,"2":4,"3":1,"4":1,"5":1,"6":4,"7":4,"8":4,"9":4,"10":4,"11":4,"12":1,"13":3,"14":3,"15":1,"16":2,"17":1,"18":2,"19":2,"20":0,"21":0,"22":3,"23":3,"24":3,"25":3,"26":3,"27":3,"28":0,"29":3,"30":3,"31":1,"32":2,"33":1,"34":2,"35":2,"36":0,"37":0,"38":4,"39":4,"40":4,"41":4,"42":4,"43":4,"44":1,"45":3,"46":2,"47":1,"48":1,"49":1,"50":1,"51":1},"f":{"0":4,"1":3,"2":4},"b":{"0":[1,3],"1":[1,2],"2":[1,1],"3":[2,1],"4":[0,3],"5":[1,2],"6":[1,1],"7":[1,3],"8":[1,1]}}
,"/Users/riroan/moneger/app/api/savings/[id]/deposit/route.ts": {"path":"/Users/riroan/moneger/app/api/savings/[id]/deposit/route.ts","statementMap":{"0":{"start":{"line":8,"column":22},"end":{"line":8,"column":null}},"1":{"start":{"line":2,"column":63},"end":{"line":2,"column":null}},"2":{"start":{"line":3,"column":23},"end":{"line":3,"column":null}},"3":{"start":{"line":4,"column":23},"end":{"line":4,"column":null}},"4":{"start":{"line":5,"column":48},"end":{"line":5,"column":null}},"5":{"start":{"line":12,"column":2},"end":{"line":68,"column":null}},"6":{"start":{"line":13,"column":19},"end":{"line":13,"column":null}},"7":{"start":{"line":14,"column":17},"end":{"line":14,"column":null}},"8":{"start":{"line":15,"column":31},"end":{"line":15,"column":null}},"9":{"start":{"line":17,"column":24},"end":{"line":17,"column":null}},"10":{"start":{"line":18,"column":4},"end":{"line":18,"column":null}},"11":{"start":{"line":18,"column":21},"end":{"line":18,"column":null}},"12":{"start":{"line":20,"column":4},"end":{"line":22,"column":null}},"13":{"start":{"line":21,"column":6},"end":{"line":21,"column":null}},"14":{"start":{"line":25,"column":24},"end":{"line":27,"column":null}},"15":{"start":{"line":29,"column":4},"end":{"line":31,"column":null}},"16":{"start":{"line":30,"column":6},"end":{"line":30,"column":null}},"17":{"start":{"line":34,"column":28},"end":{"line":34,"column":null}},"18":{"start":{"line":35,"column":41},"end":{"line":59,"column":null}},"19":{"start":{"line":36,"column":26},"end":{"line":41,"column":null}},"20":{"start":{"line":43,"column":26},"end":{"line":53,"column":null}},"21":{"start":{"line":56,"column":6},"end":{"line":56,"column":null}},"22":{"start":{"line":58,"column":6},"end":{"line":58,"column":null}},"23":{"start":{"line":61,"column":4},"end":{"line":64,"column":null}},"24":{"start":{"line":66,"column":4},"end":{"line":66,"column":null}},"25":{"start":{"line":67,"column":4},"end":{"line":67,"column":null}}},"fnMap":{"0":{"name":"POST","decl":{"start":{"line":8,"column":22},"end":{"line":8,"column":null}},"loc":{"start":{"line":10,"column":49},"end":{"line":69,"column":null}}},"1":{"name":"(anonymous_2)","decl":{"start":{"line":35,"column":67},"end":{"line":35,"column":74}},"loc":{"start":{"line":35,"column":74},"end":{"line":59,"column":null}}}},"branchMap":{"0":{"loc":{"start":{"line":18,"column":4},"end":{"line":18,"column":null}},"type":"if","locations":[{"start":{"line":18,"column":4},"end":{"line":18,"column":null}},{"start":{},"end":{}}]},"1":{"loc":{"start":{"line":20,"column":4},"end":{"line":22,"column":null}},"type":"if","locations":[{"start":{"line":20,"column":4},"end":{"line":22,"column":null}},{"start":{},"end":{}}]},"2":{"loc":{"start":{"line":20,"column":8},"end":{"line":20,"column":32}},"type":"binary-expr","locations":[{"start":{"line":20,"column":8},"end":{"line":20,"column":19}},{"start":{"line":20,"column":19},"end":{"line":20,"column":32}}]},"3":{"loc":{"start":{"line":29,"column":4},"end":{"line":31,"column":null}},"type":"if","locations":[{"start":{"line":29,"column":4},"end":{"line":31,"column":null}},{"start":{},"end":{}}]}},"s":{"0":8,"1":1,"2":1,"3":1,"4":1,"5":8,"6":8,"7":8,"8":8,"9":8,"10":8,"11":1,"12":7,"13":3,"14":4,"15":4,"16":1,"17":3,"18":3,"19":2,"20":2,"21":2,"22":2,"23":2,"24":1,"25":1},"f":{"0":8,"1":2},"b":{"0":[1,7],"1":[3,4],"2":[7,5],"3":[1,3]}}
,"/Users/riroan/moneger/app/api/savings/summary/route.ts": {"path":"/Users/riroan/moneger/app/api/savings/summary/route.ts","statementMap":{"0":{"start":{"line":7,"column":22},"end":{"line":7,"column":26}},"1":{"start":{"line":2,"column":63},"end":{"line":2,"column":null}},"2":{"start":{"line":3,"column":23},"end":{"line":3,"column":null}},"3":{"start":{"line":4,"column":23},"end":{"line":4,"column":null}},"4":{"start":{"line":8,"column":2},"end":{"line":37,"column":null}},"5":{"start":{"line":9,"column":25},"end":{"line":9,"column":53}},"6":{"start":{"line":10,"column":19},"end":{"line":10,"column":null}},"7":{"start":{"line":12,"column":24},"end":{"line":12,"column":null}},"8":{"start":{"line":13,"column":4},"end":{"line":13,"column":null}},"9":{"start":{"line":13,"column":21},"end":{"line":13,"column":null}},"10":{"start":{"line":15,"column":25},"end":{"line":20,"column":null}},"11":{"start":{"line":22,"column":31},"end":{"line":22,"column":null}},"12":{"start":{"line":22,"column":66},"end":{"line":22,"column":90}},"13":{"start":{"line":23,"column":30},"end":{"line":23,"column":null}},"14":{"start":{"line":23,"column":65},"end":{"line":23,"column":88}},"15":{"start":{"line":24,"column":23},"end":{"line":24,"column":42}},"16":{"start":{"line":26,"column":4},"end":{"line":33,"column":null}},"17":{"start":{"line":35,"column":4},"end":{"line":35,"column":null}},"18":{"start":{"line":36,"column":4},"end":{"line":36,"column":null}}},"fnMap":{"0":{"name":"GET","decl":{"start":{"line":7,"column":22},"end":{"line":7,"column":26}},"loc":{"start":{"line":7,"column":46},"end":{"line":38,"column":null}}},"1":{"name":"(anonymous_2)","decl":{"start":{"line":22,"column":51},"end":{"line":22,"column":52}},"loc":{"start":{"line":22,"column":66},"end":{"line":22,"column":90}}},"2":{"name":"(anonymous_3)","decl":{"start":{"line":23,"column":50},"end":{"line":23,"column":51}},"loc":{"start":{"line":23,"column":65},"end":{"line":23,"column":88}}}},"branchMap":{"0":{"loc":{"start":{"line":13,"column":4},"end":{"line":13,"column":null}},"type":"if","locations":[{"start":{"line":13,"column":4},"end":{"line":13,"column":null}},{"start":{},"end":{}}]},"1":{"loc":{"start":{"line":30,"column":23},"end":{"line":32,"column":null}},"type":"cond-expr","locations":[{"start":{"line":31,"column":10},"end":{"line":31,"column":null}},{"start":{"line":32,"column":10},"end":{"line":32,"column":null}}]}},"s":{"0":6,"1":1,"2":1,"3":1,"4":6,"5":6,"6":6,"7":6,"8":6,"9":1,"10":5,"11":4,"12":5,"13":4,"14":5,"15":4,"16":4,"17":1,"18":1},"f":{"0":6,"1":5,"2":5},"b":{"0":[1,5],"1":[2,2]}}
,"/Users/riroan/moneger/app/api/stats/route.ts": {"path":"/Users/riroan/moneger/app/api/stats/route.ts","statementMap":{"0":{"start":{"line":7,"column":22},"end":{"line":7,"column":26}},"1":{"start":{"line":2,"column":63},"end":{"line":2,"column":null}},"2":{"start":{"line":3,"column":23},"end":{"line":3,"column":null}},"3":{"start":{"line":4,"column":32},"end":{"line":4,"column":null}},"4":{"start":{"line":8,"column":2},"end":{"line":27,"column":null}},"5":{"start":{"line":9,"column":25},"end":{"line":9,"column":53}},"6":{"start":{"line":10,"column":19},"end":{"line":10,"column":null}},"7":{"start":{"line":11,"column":17},"end":{"line":11,"column":null}},"8":{"start":{"line":12,"column":18},"end":{"line":12,"column":null}},"9":{"start":{"line":14,"column":24},"end":{"line":14,"column":null}},"10":{"start":{"line":15,"column":4},"end":{"line":15,"column":null}},"11":{"start":{"line":15,"column":21},"end":{"line":15,"column":null}},"12":{"start":{"line":17,"column":4},"end":{"line":19,"column":null}},"13":{"start":{"line":18,"column":6},"end":{"line":18,"column":null}},"14":{"start":{"line":21,"column":18},"end":{"line":21,"column":null}},"15":{"start":{"line":23,"column":4},"end":{"line":23,"column":null}},"16":{"start":{"line":25,"column":4},"end":{"line":25,"column":null}},"17":{"start":{"line":26,"column":4},"end":{"line":26,"column":null}}},"fnMap":{"0":{"name":"GET","decl":{"start":{"line":7,"column":22},"end":{"line":7,"column":26}},"loc":{"start":{"line":7,"column":46},"end":{"line":28,"column":null}}}},"branchMap":{"0":{"loc":{"start":{"line":15,"column":4},"end":{"line":15,"column":null}},"type":"if","locations":[{"start":{"line":15,"column":4},"end":{"line":15,"column":null}},{"start":{},"end":{}}]},"1":{"loc":{"start":{"line":17,"column":4},"end":{"line":19,"column":null}},"type":"if","locations":[{"start":{"line":17,"column":4},"end":{"line":19,"column":null}},{"start":{},"end":{}}]},"2":{"loc":{"start":{"line":17,"column":8},"end":{"line":17,"column":25}},"type":"binary-expr","locations":[{"start":{"line":17,"column":8},"end":{"line":17,"column":17}},{"start":{"line":17,"column":17},"end":{"line":17,"column":25}}]}},"s":{"0":6,"1":1,"2":1,"3":1,"4":6,"5":6,"6":6,"7":6,"8":6,"9":6,"10":6,"11":1,"12":5,"13":2,"14":3,"15":0,"16":3,"17":3},"f":{"0":6},"b":{"0":[1,5],"1":[2,3],"2":[5,4]}}
,"/Users/riroan/moneger/app/api/transactions/route.ts": {"path":"/Users/riroan/moneger/app/api/transactions/route.ts","statementMap":{"0":{"start":{"line":19,"column":22},"end":{"line":19,"column":26}},"1":{"start":{"line":54,"column":22},"end":{"line":54,"column":27}},"2":{"start":{"line":10,"column":7},"end":{"line":10,"column":null}},"3":{"start":{"line":11,"column":23},"end":{"line":11,"column":null}},"4":{"start":{"line":16,"column":7},"end":{"line":16,"column":null}},"5":{"start":{"line":20,"column":2},"end":{"line":50,"column":null}},"6":{"start":{"line":21,"column":25},"end":{"line":21,"column":53}},"7":{"start":{"line":22,"column":19},"end":{"line":22,"column":null}},"8":{"start":{"line":24,"column":24},"end":{"line":24,"column":null}},"9":{"start":{"line":25,"column":4},"end":{"line":25,"column":null}},"10":{"start":{"line":25,"column":21},"end":{"line":25,"column":null}},"11":{"start":{"line":27,"column":19},"end":{"line":44,"column":null}},"12":{"start":{"line":46,"column":4},"end":{"line":46,"column":null}},"13":{"start":{"line":48,"column":4},"end":{"line":48,"column":null}},"14":{"start":{"line":49,"column":4},"end":{"line":49,"column":null}},"15":{"start":{"line":55,"column":2},"end":{"line":90,"column":null}},"16":{"start":{"line":56,"column":17},"end":{"line":56,"column":null}},"17":{"start":{"line":57,"column":68},"end":{"line":57,"column":null}},"18":{"start":{"line":60,"column":24},"end":{"line":60,"column":null}},"19":{"start":{"line":61,"column":4},"end":{"line":61,"column":null}},"20":{"start":{"line":61,"column":21},"end":{"line":61,"column":null}},"21":{"start":{"line":63,"column":22},"end":{"line":63,"column":null}},"22":{"start":{"line":64,"column":4},"end":{"line":64,"column":null}},"23":{"start":{"line":64,"column":19},"end":{"line":64,"column":null}},"24":{"start":{"line":66,"column":24},"end":{"line":66,"column":null}},"25":{"start":{"line":67,"column":4},"end":{"line":67,"column":null}},"26":{"start":{"line":67,"column":21},"end":{"line":67,"column":null}},"27":{"start":{"line":70,"column":4},"end":{"line":75,"column":null}},"28":{"start":{"line":71,"column":23},"end":{"line":71,"column":null}},"29":{"start":{"line":72,"column":6},"end":{"line":74,"column":null}},"30":{"start":{"line":73,"column":8},"end":{"line":73,"column":null}},"31":{"start":{"line":77,"column":24},"end":{"line":84,"column":null}},"32":{"start":{"line":86,"column":4},"end":{"line":86,"column":null}},"33":{"start":{"line":88,"column":4},"end":{"line":88,"column":null}},"34":{"start":{"line":89,"column":4},"end":{"line":89,"column":null}}},"fnMap":{"0":{"name":"GET","decl":{"start":{"line":19,"column":22},"end":{"line":19,"column":26}},"loc":{"start":{"line":19,"column":46},"end":{"line":51,"column":null}}},"1":{"name":"POST","decl":{"start":{"line":54,"column":22},"end":{"line":54,"column":27}},"loc":{"start":{"line":54,"column":47},"end":{"line":91,"column":null}}}},"branchMap":{"0":{"loc":{"start":{"line":25,"column":4},"end":{"line":25,"column":null}},"type":"if","locations":[{"start":{"line":25,"column":4},"end":{"line":25,"column":null}},{"start":{},"end":{}}]},"1":{"loc":{"start":{"line":29,"column":12},"end":{"line":29,"column":null}},"type":"cond-expr","locations":[{"start":{"line":29,"column":39},"end":{"line":29,"column":77}},{"start":{"line":29,"column":77},"end":{"line":29,"column":null}}]},"2":{"loc":{"start":{"line":30,"column":13},"end":{"line":30,"column":null}},"type":"cond-expr","locations":[{"start":{"line":30,"column":41},"end":{"line":30,"column":80}},{"start":{"line":30,"column":80},"end":{"line":30,"column":null}}]},"3":{"loc":{"start":{"line":33,"column":14},"end":{"line":33,"column":null}},"type":"binary-expr","locations":[{"start":{"line":33,"column":14},"end":{"line":33,"column":44}},{"start":{"line":33,"column":44},"end":{"line":33,"column":null}}]},"4":{"loc":{"start":{"line":34,"column":13},"end":{"line":34,"column":null}},"type":"binary-expr","locations":[{"start":{"line":34,"column":13},"end":{"line":34,"column":41}},{"start":{"line":34,"column":41},"end":{"line":34,"column":null}}]},"5":{"loc":{"start":{"line":35,"column":14},"end":{"line":35,"column":null}},"type":"binary-expr","locations":[{"start":{"line":35,"column":14},"end":{"line":35,"column":44}},{"start":{"line":35,"column":44},"end":{"line":35,"column":null}}]},"6":{"loc":{"start":{"line":36,"column":22},"end":{"line":36,"column":null}},"type":"binary-expr","locations":[{"start":{"line":36,"column":22},"end":{"line":36,"column":51}},{"start":{"line":36,"column":51},"end":{"line":36,"column":null}}]},"7":{"loc":{"start":{"line":37,"column":17},"end":{"line":37,"column":null}},"type":"cond-expr","locations":[{"start":{"line":37,"column":49},"end":{"line":37,"column":92}},{"start":{"line":37,"column":92},"end":{"line":37,"column":null}}]},"8":{"loc":{"start":{"line":38,"column":18},"end":{"line":38,"column":null}},"type":"cond-expr","locations":[{"start":{"line":38,"column":51},"end":{"line":38,"column":95}},{"start":{"line":38,"column":95},"end":{"line":38,"column":null}}]},"9":{"loc":{"start":{"line":39,"column":15},"end":{"line":39,"column":null}},"type":"cond-expr","locations":[{"start":{"line":39,"column":45},"end":{"line":39,"column":86}},{"start":{"line":39,"column":86},"end":{"line":39,"column":null}}]},"10":{"loc":{"start":{"line":40,"column":16},"end":{"line":40,"column":null}},"type":"cond-expr","locations":[{"start":{"line":40,"column":47},"end":{"line":40,"column":89}},{"start":{"line":40,"column":89},"end":{"line":40,"column":null}}]},"11":{"loc":{"start":{"line":41,"column":17},"end":{"line":41,"column":null}},"type":"cond-expr","locations":[{"start":{"line":41,"column":49},"end":{"line":41,"column":92}},{"start":{"line":41,"column":92},"end":{"line":41,"column":null}}]},"12":{"loc":{"start":{"line":42,"column":17},"end":{"line":42,"column":null}},"type":"cond-expr","locations":[{"start":{"line":42,"column":49},"end":{"line":42,"column":92}},{"start":{"line":42,"column":92},"end":{"line":42,"column":null}}]},"13":{"loc":{"start":{"line":61,"column":4},"end":{"line":61,"column":null}},"type":"if","locations":[{"start":{"line":61,"column":4},"end":{"line":61,"column":null}},{"start":{},"end":{}}]},"14":{"loc":{"start":{"line":64,"column":4},"end":{"line":64,"column":null}},"type":"if","locations":[{"start":{"line":64,"column":4},"end":{"line":64,"column":null}},{"start":{},"end":{}}]},"15":{"loc":{"start":{"line":67,"column":4},"end":{"line":67,"column":null}},"type":"if","locations":[{"start":{"line":67,"column":4},"end":{"line":67,"column":null}},{"start":{},"end":{}}]},"16":{"loc":{"start":{"line":70,"column":4},"end":{"line":75,"column":null}},"type":"if","locations":[{"start":{"line":70,"column":4},"end":{"line":75,"column":null}},{"start":{},"end":{}}]},"17":{"loc":{"start":{"line":72,"column":6},"end":{"line":74,"column":null}},"type":"if","locations":[{"start":{"line":72,"column":6},"end":{"line":74,"column":null}},{"start":{},"end":{}}]},"18":{"loc":{"start":{"line":83,"column":12},"end":{"line":83,"column":null}},"type":"cond-expr","locations":[{"start":{"line":83,"column":19},"end":{"line":83,"column":36}},{"start":{"line":83,"column":36},"end":{"line":83,"column":null}}]}},"s":{"0":5,"1":8,"2":1,"3":1,"4":1,"5":5,"6":5,"7":5,"8":5,"9":5,"10":1,"11":4,"12":3,"13":1,"14":1,"15":8,"16":8,"17":8,"18":8,"19":8,"20":1,"21":7,"22":7,"23":2,"24":5,"25":5,"26":2,"27":3,"28":2,"29":2,"30":1,"31":2,"32":1,"33":1,"34":1},"f":{"0":5,"1":8},"b":{"0":[1,4],"1":[1,3],"2":[1,3],"3":[4,4],"4":[4,4],"5":[4,4],"6":[4,3],"7":[0,4],"8":[0,4],"9":[0,4],"10":[0,4],"11":[0,4],"12":[0,4],"13":[1,7],"14":[2,5],"15":[2,3],"16":[2,1],"17":[1,1],"18":[0,2]}}
,"/Users/riroan/moneger/app/api/transactions/[id]/route.ts": {"path":"/Users/riroan/moneger/app/api/transactions/[id]/route.ts","statementMap":{"0":{"start":{"line":84,"column":22},"end":{"line":84,"column":null}},"1":{"start":{"line":18,"column":22},"end":{"line":18,"column":null}},"2":{"start":{"line":8,"column":7},"end":{"line":8,"column":null}},"3":{"start":{"line":9,"column":23},"end":{"line":9,"column":null}},"4":{"start":{"line":15,"column":7},"end":{"line":15,"column":null}},"5":{"start":{"line":22,"column":2},"end":{"line":80,"column":null}},"6":{"start":{"line":23,"column":19},"end":{"line":23,"column":null}},"7":{"start":{"line":24,"column":17},"end":{"line":24,"column":null}},"8":{"start":{"line":25,"column":68},"end":{"line":25,"column":null}},"9":{"start":{"line":28,"column":24},"end":{"line":28,"column":null}},"10":{"start":{"line":29,"column":4},"end":{"line":29,"column":null}},"11":{"start":{"line":29,"column":21},"end":{"line":29,"column":null}},"12":{"start":{"line":32,"column":32},"end":{"line":32,"column":null}},"13":{"start":{"line":33,"column":4},"end":{"line":35,"column":null}},"14":{"start":{"line":34,"column":6},"end":{"line":34,"column":null}},"15":{"start":{"line":38,"column":4},"end":{"line":41,"column":null}},"16":{"start":{"line":39,"column":24},"end":{"line":39,"column":null}},"17":{"start":{"line":40,"column":6},"end":{"line":40,"column":null}},"18":{"start":{"line":40,"column":21},"end":{"line":40,"column":null}},"19":{"start":{"line":44,"column":4},"end":{"line":47,"column":null}},"20":{"start":{"line":45,"column":26},"end":{"line":45,"column":null}},"21":{"start":{"line":46,"column":6},"end":{"line":46,"column":null}},"22":{"start":{"line":46,"column":23},"end":{"line":46,"column":null}},"23":{"start":{"line":50,"column":4},"end":{"line":56,"column":null}},"24":{"start":{"line":51,"column":25},"end":{"line":51,"column":57}},"25":{"start":{"line":52,"column":23},"end":{"line":52,"column":null}},"26":{"start":{"line":53,"column":6},"end":{"line":55,"column":null}},"27":{"start":{"line":54,"column":8},"end":{"line":54,"column":null}},"28":{"start":{"line":59,"column":24},"end":{"line":73,"column":null}},"29":{"start":{"line":76,"column":4},"end":{"line":76,"column":null}},"30":{"start":{"line":78,"column":4},"end":{"line":78,"column":null}},"31":{"start":{"line":79,"column":4},"end":{"line":79,"column":null}},"32":{"start":{"line":88,"column":2},"end":{"line":114,"column":null}},"33":{"start":{"line":89,"column":19},"end":{"line":89,"column":null}},"34":{"start":{"line":90,"column":17},"end":{"line":90,"column":null}},"35":{"start":{"line":91,"column":23},"end":{"line":91,"column":null}},"36":{"start":{"line":94,"column":24},"end":{"line":94,"column":null}},"37":{"start":{"line":95,"column":4},"end":{"line":95,"column":null}},"38":{"start":{"line":95,"column":21},"end":{"line":95,"column":null}},"39":{"start":{"line":98,"column":32},"end":{"line":98,"column":null}},"40":{"start":{"line":99,"column":4},"end":{"line":101,"column":null}},"41":{"start":{"line":100,"column":6},"end":{"line":100,"column":null}},"42":{"start":{"line":104,"column":4},"end":{"line":108,"column":null}},"43":{"start":{"line":110,"column":4},"end":{"line":110,"column":null}},"44":{"start":{"line":112,"column":4},"end":{"line":112,"column":null}},"45":{"start":{"line":113,"column":4},"end":{"line":113,"column":null}}},"fnMap":{"0":{"name":"PATCH","decl":{"start":{"line":18,"column":22},"end":{"line":18,"column":null}},"loc":{"start":{"line":20,"column":49},"end":{"line":81,"column":null}}},"1":{"name":"DELETE","decl":{"start":{"line":84,"column":22},"end":{"line":84,"column":null}},"loc":{"start":{"line":86,"column":49},"end":{"line":115,"column":null}}}},"branchMap":{"0":{"loc":{"start":{"line":29,"column":4},"end":{"line":29,"column":null}},"type":"if","locations":[{"start":{"line":29,"column":4},"end":{"line":29,"column":null}},{"start":{},"end":{}}]},"1":{"loc":{"start":{"line":33,"column":4},"end":{"line":35,"column":null}},"type":"if","locations":[{"start":{"line":33,"column":4},"end":{"line":35,"column":null}},{"start":{},"end":{}}]},"2":{"loc":{"start":{"line":38,"column":4},"end":{"line":41,"column":null}},"type":"if","locations":[{"start":{"line":38,"column":4},"end":{"line":41,"column":null}},{"start":{},"end":{}}]},"3":{"loc":{"start":{"line":40,"column":6},"end":{"line":40,"column":null}},"type":"if","locations":[{"start":{"line":40,"column":6},"end":{"line":40,"column":null}},{"start":{},"end":{}}]},"4":{"loc":{"start":{"line":44,"column":4},"end":{"line":47,"column":null}},"type":"if","locations":[{"start":{"line":44,"column":4},"end":{"line":47,"column":null}},{"start":{},"end":{}}]},"5":{"loc":{"start":{"line":46,"column":6},"end":{"line":46,"column":null}
[...]
ne":144,"column":36}},{"start":{"line":144,"column":40},"end":{"line":144,"column":null}}]},"9":{"loc":{"start":{"line":145,"column":13},"end":{"line":158,"column":null}},"type":"cond-expr","locations":[{"start":{"line":146,"column":10},"end":{"line":157,"column":null}},{"start":{"line":158,"column":10},"end":{"line":158,"column":null}}]},"10":{"loc":{"start":{"line":154,"column":32},"end":{"line":156,"column":null}},"type":"cond-expr","locations":[{"start":{"line":155,"column":16},"end":{"line":155,"column":null}},{"start":{"line":156,"column":16},"end":{"line":156,"column":null}}]},"11":{"loc":{"start":{"line":154,"column":32},"end":{"line":154,"column":null}},"type":"binary-expr","locations":[{"start":{"line":154,"column":32},"end":{"line":154,"column":51}},{"start":{"line":154,"column":51},"end":{"line":154,"column":null}}]},"12":{"loc":{"start":{"line":164,"column":22},"end":{"line":164,"column":null}},"type":"binary-expr","locations":[{"start":{"line":164,"column":22},"end":{"line":164,"column":84}},{"start":{"line":164,"column":84},"end":{"line":164,"column":null}}]},"13":{"loc":{"start":{"line":165,"column":23},"end":{"line":165,"column":null}},"type":"binary-expr","locations":[{"start":{"line":165,"column":23},"end":{"line":165,"column":86}},{"start":{"line":165,"column":86},"end":{"line":165,"column":null}}]},"14":{"loc":{"start":{"line":167,"column":24},"end":{"line":167,"column":null}},"type":"binary-expr","locations":[{"start":{"line":167,"column":24},"end":{"line":167,"column":41}},{"start":{"line":167,"column":41},"end":{"line":167,"column":null}}]},"15":{"loc":{"start":{"line":170,"column":29},"end":{"line":172,"column":null}},"type":"cond-expr","locations":[{"start":{"line":171,"column":6},"end":{"line":171,"column":null}},{"start":{"line":172,"column":6},"end":{"line":172,"column":null}}]},"16":{"loc":{"start":{"line":199,"column":19},"end":{"line":211,"column":null}},"type":"cond-expr","locations":[{"start":{"line":200,"column":10},"end":{"line":210,"column":null}},{"start":{"line":211,"column":10},"end":{"line":211,"column":null}}]},"17":{"loc":{"start":{"line":207,"column":29},"end":{"line":209,"column":null}},"type":"cond-expr","locations":[{"start":{"line":208,"column":16},"end":{"line":208,"column":null}},{"start":{"line":209,"column":16},"end":{"line":209,"column":null}}]}},"s":{"0":12,"1":2,"2":12,"3":12,"4":12,"5":12,"6":12,"7":12,"8":12,"9":11,"10":11,"11":11,"12":11,"13":11,"14":7,"15":11,"16":7,"17":11,"18":18,"19":11,"20":11,"21":18,"22":11,"23":11,"24":11,"25":11,"26":13,"27":6,"28":7,"29":11,"30":18,"31":18,"32":18,"33":18,"34":18,"35":18,"36":18,"37":11,"38":11,"39":9,"40":11,"41":17,"42":11,"43":11,"44":11,"45":11,"46":11},"f":{"0":12,"1":7,"2":7,"3":18,"4":18,"5":13,"6":18,"7":18,"8":11,"9":9,"10":17},"b":{"0":[11,2],"1":[11,1],"2":[11,4],"3":[11,4],"4":[9,2],"5":[6,7],"6":[7,11],"7":[11,4],"8":[18,0],"9":[18,0],"10":[14,4],"11":[18,14],"12":[11,3],"13":[11,2],"14":[11,5],"15":[6,5],"16":[7,4],"17":[7,0]}}
,"/Users/riroan/moneger/lib/services/transaction.service.ts": {"path":"/Users/riroan/moneger/lib/services/transaction.service.ts","statementMap":{"0":{"start":{"line":52,"column":22},"end":{"line":52,"column":40}},"1":{"start":{"line":128,"column":22},"end":{"line":128,"column":null}},"2":{"start":{"line":156,"column":22},"end":{"line":156,"column":38}},"3":{"start":{"line":266,"column":22},"end":{"line":266,"column":47}},"4":{"start":{"line":254,"column":22},"end":{"line":254,"column":44}},"5":{"start":{"line":175,"column":22},"end":{"line":175,"column":38}},"6":{"start":{"line":77,"column":22},"end":{"line":77,"column":null}},"7":{"start":{"line":278,"column":22},"end":{"line":278,"column":39}},"8":{"start":{"line":1,"column":23},"end":{"line":1,"column":null}},"9":{"start":{"line":3,"column":48},"end":{"line":3,"column":null}},"10":{"start":{"line":5,"column":24},"end":{"line":11,"column":null}},"11":{"start":{"line":53,"column":66},"end":{"line":53,"column":null}},"12":{"start":{"line":55,"column":2},"end":{"line":71,"column":null}},"13":{"start":{"line":56,"column":24},"end":{"line":66,"column":null}},"14":{"start":{"line":68,"column":4},"end":{"line":68,"column":null}},"15":{"start":{"line":70,"column":4},"end":{"line":70,"column":null}},"16":{"start":{"line":83,"column":52},"end":{"line":83,"column":null}},"17":{"start":{"line":85,"column":2},"end":{"line":85,"column":null}},"18":{"start":{"line":85,"column":32},"end":{"line":85,"column":null}},"19":{"start":{"line":86,"column":2},"end":{"line":86,"column":null}},"20":{"start":{"line":86,"column":34},"end":{"line":86,"column":null}},"21":{"start":{"line":87,"column":2},"end":{"line":87,"column":null}},"22":{"start":{"line":87,"column":39},"end":{"line":87,"column":null}},"23":{"start":{"line":88,"column":2},"end":{"line":90,"column":null}},"24":{"start":{"line":89,"column":4},"end":{"line":89,"column":null}},"25":{"start":{"line":91,"column":2},"end":{"line":91,"column":null}},"26":{"start":{"line":91,"column":32},"end":{"line":91,"column":null}},"27":{"start":{"line":93,"column":2},"end":{"line":122,"column":null}},"28":{"start":{"line":94,"column":24},"end":{"line":98,"column":null}},"29":{"start":{"line":101,"column":4},"end":{"line":101,"column":null}},"30":{"start":{"line":104,"column":4},"end":{"line":106,"column":null}},"31":{"start":{"line":105,"column":6},"end":{"line":105,"column":null}},"32":{"start":{"line":109,"column":4},"end":{"line":119,"column":null}},"33":{"start":{"line":110,"column":25},"end":{"line":110,"column":66}},"34":{"start":{"line":111,"column":6},"end":{"line":118,"column":null}},"35":{"start":{"line":112,"column":8},"end":{"line":117,"column":null}},"36":{"start":{"line":121,"column":4},"end":{"line":121,"column":null}},"37":{"start":{"line":133,"column":2},"end":{"line":150,"column":null}},"38":{"start":{"line":134,"column":4},"end":{"line":137,"column":null}},"39":{"start":{"line":139,"column":4},"end":{"line":139,"column":null}},"40":{"start":{"line":142,"column":4},"end":{"line":149,"column":null}},"41":{"start":{"line":143,"column":6},"end":{"line":148,"column":null}},"42":{"start":{"line":157,"column":2},"end":{"line":169,"column":null}},"43":{"start":{"line":176,"column":98},"end":{"line":176,"column":null}},"44":{"start":{"line":179,"column":46},"end":{"line":179,"column":null}},"45":{"start":{"line":182,"column":2},"end":{"line":192,"column":null}},"46":{"start":{"line":184,"column":22},"end":{"line":184,"column":null}},"47":{"start":{"line":185,"column":20},"end":{"line":185,"column":null}},"48":{"start":{"line":186,"column":4},"end":{"line":186,"column":null}},"49":{"start":{"line":187,"column":9},"end":{"line":192,"column":null}},"50":{"start":{"line":189,"column":22},"end":{"line":189,"column":null}},"51":{"start":{"line":190,"column":20},"end":{"line":190,"column":null}},"52":{"start":{"line":191,"column":4},"end":{"line":191,"column":null}},"53":{"start":{"line":194,"column":2},"end":{"line":200,"column":null}},"54":{"start":{"line":195,"column":4},"end":{"line":195,"column":null}},"55":{"start":{"line":197,"column":4},"end":{"line":199,"column":null}},"56":{"start":{"line":198,"column":6},"end":{"line":198,"column":null}},"57":{"start":{"line":201,"column":2},"end":{"line":201,"column":null}},"58":{"start":{"line":201,"column":27},"end":{"line":201,"column":null}},"59":{"start":{"line":202,"column":2},"end":{"line":202,"column":null}},"60":{"start":{"line":202,"column":14},"end":{"line":202,"column":null}},"61":{"start":{"line":205,"column":2},"end":{"line":207,"column":null}},"62":{"start":{"line":206,"column":4},"end":{"line":206,"column":null}},"63":{"start":{"line":210,"column":2},"end":{"line":218,"column":null}},"64":{"start":{"line":211,"column":4},"end":{"line":211,"column":null}},"65":{"start":{"line":212,"column":4},"end":{"line":214,"column":null}},"66":{"start":{"line":213,"column":6},"end":{"line":213,"column":null}},"67":{"start":{"line":215,"column":4},"end":{"line":217,"column":null}},"68":{"start":{"line":216,"column":6},"end":{"line":216,"column":null}},"69":{"start":{"line":221,"column":81},"end":{"line":226,"column":null}},"70":{"start":{"line":227,"column":18},"end":{"line":227,"column":34}},"71":{"start":{"line":230,"column":55},"end":{"line":235,"column":null}},"72":{"start":{"line":237,"column":2},"end":{"line":240,"column":null}},"73":{"start":{"line":238,"column":4},"end":{"line":238,"column":null}},"74":{"start":{"line":239,"column":4},"end":{"line":239,"column":null}},"75":{"start":{"line":242,"column":23},"end":{"line":242,"column":null}},"76":{"start":{"line":244,"column":18},"end":{"line":244,"column":null}},"77":{"start":{"line":245,"column":15},"end":{"line":245,"column":null}},"78":{"start":{"line":246,"column":21},"end":{"line":246,"column":null}},"79":{"start":{"line":248,"column":2},"end":{"line":248,"column":null}},"80":{"start":{"line":255,"column":2},"end":{"line":260,"column":null}},"81":{"start":{"line":267,"column":17},"end":{"line":271,"column":null}},"82":{"start":{"line":272,"column":2},"end":{"line":272,"column":null}},"83":{"start":{"line":279,"column":2},"end":{"line":281,"column":null}}},"fnMap":{"0":{"name":"createTransaction","decl":{"start":{"line":52,"column":22},"end":{"line":52,"column":40}},"loc":{"start":{"line":52,"column":69},"end":{"line":72,"column":null}}},"1":{"name":"(anonymous_10)","decl":{"start":{"line":55,"column":29},"end":{"line":55,"column":36}},"loc":{"start":{"line":55,"column":36},"end":{"line":71,"column":null}}},"2":{"name":"updateTransaction","decl":{"start":{"line":77,"column":22},"end":{"line":77,"column":null}},"loc":{"start":{"line":81,"column":83},"end":{"line":123,"column":null}}},"3":{"name":"(anonymous_12)","decl":{"start":{"line":93,"column":29},"end":{"line":93,"column":36}},"loc":{"start":{"line":93,"column":36},"end":{"line":122,"column":null}}},"4":{"name":"deleteTransaction","decl":{"start":{"line":128,"column":22},"end":{"line":128,"column":null}},"loc":{"start":{"line":131,"column":83},"end":{"line":151,"column":null}}},"5":{"name":"(anonymous_14)","decl":{"start":{"line":133,"column":29},"end":{"line":133,"column":36}},"loc":{"start":{"line":133,"column":36},"end":{"line":150,"column":null}}},"6":{"name":"findTransaction","decl":{"start":{"line":156,"column":22},"end":{"line":156,"column":38}},"loc":{"start":{"line":156,"column":64},"end":{"line":170,"column":null}}},"7":{"name":"getTransactions","decl":{"start":{"line":175,"column":22},"end":{"line":175,"column":38}},"loc":{"start":{"line":175,"column":65},"end":{"line":249,"column":null}}},"8":{"name":"getRecentTransactions","decl":{"start":{"line":254,"column":22},"end":{"line":254,"column":44}},"loc":{"start":{"line":254,"column":69},"end":{"line":261,"column":null}}},"9":{"name":"getOldestTransactionDate","decl":{"start":{"line":266,"column":22},"end":{"line":266,"column":47}},"loc":{"start":{"line":266,"column":61},"end":{"line":273,"column":null}}},"10":{"name":"validateCategory","decl":{"start":{"line":278,"column":22},"end":{"line":278,"column":39}},"loc":{"start":{"line":278,"column":96},"end":{"line":282,"column":null}}}},"branchMap":{"0":{"loc":{"start":{"line":61,"column":21},"end":{"line":61,"column":null}},"type":"binary-expr","locations":[{"start":{"line":61,"column":21},"end":{"line":61,"column":36}},{"start":{"line":61,"column":36},"end":{"line":61,"column":null}}]},"1":{"loc":{"start":{"line":62,"column":20},"end":{"line":62,"column":null}},"type":"binary-expr","locations":[{"start":{"line":62,"column":20},"end":{"line":62,"column":34}},{"start":{"line":62,"column":34},"end":{"line":62,"column":null}}]},"2":{"loc":{"start":{"line":63,"column":14},"end":{"line":63,"column":null}},"type":"binary-expr","locations":[{"start":{"line":63,"column":14},"end":{"line":63,"column":22}},{"start":{"line":63,"column":22},"end":{"line":63,"column":null}}]},"3":{"loc":{"start":{"line":85,"column":2},"end":{"line":85,"column":null}},"type":"if","locations":[{"start":{"line":85,"column":2},"end":{"line":85,"column":null}},{"start":{},"end":{}}]},"4":{"loc":{"start":{"line":86,"column":2},"end":{"line":86,"column":null}},"type":"if","locations":[{"start":{"line":86,"column":2},"end":{"line":86,"column":null}},{"start":{},"end":{}}]},"5":{"loc":{"start":{"line":87,"column":2},"end":{"line":87,"column":null}},"type":"if","locations":[{"start":{"line":87,"column":2},"end":{"line":87,"column":null}},{"start":{},"end":{}}]},"6":{"loc":{"start":{"line":87,"column":64},"end":{"line":87,"column":null}},"type":"binary-expr","locations":[{"start":{"line":87,"column":64},"end":{"line":87,"column":81}},{"start":{"line":87,"column":85},"end":{"line":87,"column":null}}]},"7":{"loc":{"start":{"line":88,"column":2},"end":{"line":90,"column":null}},"type":"if","locations":[{"start":{"line":88,"column":2},"end":{"line":90,"column":null}},{"start":{},"end":{}}]},"8":{"loc":{"start":{"line":89,"column":26},"end":{"line":89,"column":null}},"type":"cond-expr","locations":[{"start":{"line":89,"column":45},"end":{"line":89,"column":85}},{"start":{"line":89,"column":85},"end":{"line":89,"column":null}}]},"9":{"loc":{"start":{"line":91,"column":2},"end":{"line":91,"column":null}},"type":"if","locations":[{"start":{"line":91,"column":2},"end":{"line":91,"column":null}},{"start":{},"end":{}}]},"10":{"loc":{"start":{"line":104,"column":4},"end":{"line":106,"column":null}},"type":"if","locations":[{"start":{"line":104,"column":4},"end":{"line":106,"column":null}},{"start":{},"end":{}}]},"11":{"loc":{"start":{"line":104,"column":8},"end":{"line":104,"column":93}},"type":"binary-expr","locations":[{"start":{"line":104,"column":8},"end":{"line":104,"column":18}},{"start":{"line":104,"column":22},"end":{"line":104,"column":93}}]},"12":{"loc":{"start":{"line":109,"column":4},"end":{"line":119,"column":null}},"type":"if","locations":[{"start":{"line":109,"column":4},"end":{"line":119,"column":null}},{"start":{},"end":{}}]},"13":{"loc":{"start":{"line":109,"column":8},"end":{"line":109,"column":73}},"type":"binary-expr","locations":[{"start":{"line":109,"column":8},"end":{"line":109,"column":41}},{"start":{"line":109,"column":45},"end":{"line":109,"column":73}}]},"14":{"loc":{"start":{"line":111,"column":6},"end":{"line":118,"column":null}},"type":"if","locations":[{"start":{"line":111,"column":6},"end":{"line":118,"column":null}},{"start":{},"end":{}}]},"15":{"loc":{"start":{"line":142,"column":4},"end":{"line":149,"column":null}},"type":"if","locations":[{"start":{"line":142,"column":4},"end":{"line":149,"column":null}},{"start":{},"end":{}}]},"16":{"loc":{"start":{"line":176,"column":58},"end":{"line":176,"column":73}},"type":"default-arg","locations":[{"start":{"line":176,"column":65},"end":{"line":176,"column":73}}]},"17":{"loc":{"start":{"line":176,"column":83},"end":{"line":176,"column":93}},"type":"default-arg","locations":[{"start":{"line":176,"column":91},"end":{"line":176,"column":93}}]},"18":{"loc":{"start":{"line":182,"column":2},"end":{"line":192,"column":null}},"type":"if","locations":[{"start":{"line":182,"column":2},"end":{"line":192,"column":null}},{"start":{"line":187,"column":9},"end":{"line":192,"column":null}}]},"19":{"loc":{"start":{"line":182,"column":6},"end":{"line":183,"column":67}},"type":"binary-expr","locations":[{"start":{"line":182,"column":6},"end":{"line":182,"column":39}},{"start":{"line":182,"column":39},"end":{"line":182,"column":null}},{"start":{"line":183,"column":6},"end":{"line":183,"column":37}},{"start":{"line":183,"column":37},"end":{"line":183,"column":67}}]},"20":{"loc":{"start":{"line":187,"column":9},"end":{"line":192,"column":null}},"type":"if","locations":[{"start":{"line":187,"column":9},"end":{"line":192,"column":null}},{"start":{},"end":{}}]},"21":{"loc":{"start":{"line":187,"column":13},"end":{"line":187,"column":28}},"type":"binary-expr","locations":[{"start":{"line":187,"column":13},"end":{"line":187,"column":21}},{"start":{"line":187,"column":21},"end":{"line":187,"column":28}}]},"22":{"loc":{"start":{"line":194,"column":2},"end":{"line":200,"column":null}},"type":"if","locations":[{"start":{"line":194,"column":2},"end":{"line":200,"column":null}},{"start":{},"end":{}}]},"23":{"loc":{"start":{"line":197,"column":4},"end":{"line":199,"column":null}},"type":"if","locations":[{"start":{"line":197,"column":4},"end":{"line":199,"column":null}},{"start":{},"end":{}}]},"24":{"loc":{"start":{"line":201,"column":2},"end":{"line":201,"column":null}},"type":"if","locations":[{"start":{"line":201,"column":2},"end":{"line":201,"column":null}},{"start":{},"end":{}}]},"25":{"loc":{"start":{"line":202,"column":2},"end":{"line":202,"column":null}},"type":"if","locations":[{"start":{"line":202,"column":2},"end":{"line":202,"column":null}},{"start":{},"end":{}}]},"26":{"loc":{"start":{"line":205,"column":2},"end":{"line":207,"column":null}},"type":"if","locations":[{"start":{"line":205,"column":2},"end":{"line":207,"column":null}},{"start":{},"end":{}}]},"27":{"loc":{"start":{"line":210,"column":2},"end":{"line":218,"column":null}},"type":"if","locations":[{"start":{"line":210,"column":2},"end":{"line":218,"column":null}},{"start":{},"end":{}}]},"28":{"loc":{"start":{"line":210,"column":6},"end":{"line":210,"column":70}},"type":"binary-expr","locations":[{"start":{"line":210,"column":6},"end":{"line":210,"column":39}},{"start":{"line":210,"column":39},"end":{"line":210,"column":70}}]},"29":{"loc":{"start":{"line":212,"column":4},"end":{"line":214,"column":null}},"type":"if","locations":[{"start":{"line":212,"column":4},"end":{"line":214,"column":null}},{"start":{},"end":{}}]},"30":{"loc":{"start":{"line":215,"column":4},"end":{"line":217,"column":null}},"type":"if","locations":[{"start":{"line":215,"column":4},"end":{"line":217,"column":null}},{"start":{},"end":{}}]},"31":{"loc":{"start":{"line":237,"column":2},"end":{"line":240,"column":null}},"type":"if","locations":[{"start":{"line":237,"column":2},"end":{"line":240,"column":null}},{"start":{},"end":{}}]},"32":{"loc":{"start":{"line":245,"column":15},"end":{"line":245,"column":null}},"type":"cond-expr","locations":[{"start":{"line":245,"column":25},"end":{"line":245,"column":56}},{"start":{"line":245,"column":56},"end":{"line":245,"column":null}}]},"33":{"loc":{"start":{"line":246,"column":21},"end":{"line":246,"column":null}},"type":"cond-expr","locations":[{"start":{"line":246,"column":31},"end":{"line":246,"column":55}},{"start":{"line":246,"column":58},"end":{"line":246,"column":null}}]},"34":{"loc":{"start":{"line":254,"column":60},"end":{"line":254,"column":69}},"type":"default-arg","locations":[{"start":{"line":254,"column":68},"end":{"line":254,"column":69}}]},"35":{"loc":{"start":{"line":272,"column":9},"end":{"line":272,"column":null}},"type":"binary-expr","locations":[{"start":{"line":272,"column":9},"end":{"line":272,"column":25}},{"start":{"line":272,"column":25},"end":{"line":272,"column":null}}]}},"s":{"0":4,"1":3,"2":11,"3":5,"4":1,"5":12,"6":4,"7":5,"8":4,"9":4,"10":4,"11":4,"12":4,"13":3,"14":3,"15":3,"16":4,"17":4,"18":0,"19":4,"20":3,"21":4,"22":1,"23":4,"24":0,"25":4,"26":1,"27":4,"28":4,"29":4,"30":4,"31":1,"32":4,"33":1,"34":1,"35":1,"36":4,"37":3,"38":3,"39":3,"40":3,"41":1,"42":11,"43":12,"44":12,"45":12,"46":0,"47":0,"48":0,"49":12,"50":2,"51":2,"52":2,"53":12,"54":1,"55":1,"56":1,"57":12,"58":0,"59":12,"60":1,"61":12,"62":1,"63":12,"64":1,"65":1,"66":1,"67":1,"68":1,"69":12,"70":12,"71":12,"72":12,"73":0,"74":0,"75":12,"76":11,"77":11,"78":11,"79":11,"80":1,"81":5,"82":4,"83":5},"f":{"0":4,"1":3,"2":4,"3":4,"4":3,"5":3,"6":11,"7":12,"8":1,"9":5,"10":5},"b":{"0":[3,1],"1":[3,1],"2":[3,2],"3":[0,4],"4":[3,1],"5":[1,3],"6":[1,0],"7":[0,4],"8":[0,0],"9":[1,3],"10":[1,3],"11":[4,1],"12":[1,3],"13":[4,1],"14":[1,0],"15":[1,2],"16":[7],"17":[7],"18":[0,12],"19":[12,0,0,0],"20":[2,10],"21":[12,2],"22":[1,11],"23":[1,0],"24":[0,12],"25":[1,11],"26":[1,11],"27":[1,11],"28":[12,11],"29":[1,0],"30":[1,0],"31":[0,12],"32":[2,9],"33":[2,9],"34":[0],"35":[4,2]}}
}
