TN:
SF:app/layout.tsx
FN:31,RootLayout
FNF:1
FNH:0
FNDA:0,RootLayout
DA:2,0
DA:3,0
DA:4,0
DA:5,0
DA:6,0
DA:8,0
DA:14,0
DA:20,0
DA:31,0
LF:9
LH:0
BRF:0
BRH:0
end_of_record
TN:
SF:app/page.tsx
FN:14,Home
FN:22,(anonymous_3)
FN:27,(anonymous_4)
FN:35,(anonymous_5)
FN:39,(anonymous_6)
FNF:5
FNH:2
FNDA:25,Home
FNDA:4,(anonymous_3)
FNDA:0,(anonymous_4)
FNDA:0,(anonymous_5)
FNDA:0,(anonymous_6)
DA:3,1
DA:4,1
DA:5,1
DA:6,1
DA:7,1
DA:8,1
DA:9,1
DA:10,1
DA:14,4
DA:15,25
DA:16,25
DA:17,25
DA:18,25
DA:19,25
DA:22,25
DA:23,4
DA:24,4
DA:27,25
DA:28,0
DA:29,0
DA:31,0
DA:35,25
DA:36,0
DA:39,25
DA:40,0
DA:44,25
DA:45,4
DA:49,21
DA:50,0
LF:29
LH:23
BRDA:28,0,0,0
BRDA:28,0,1,0
BRDA:44,1,0,4
BRDA:44,1,1,21
BRDA:44,2,0,25
BRDA:44,2,1,21
BRDA:49,3,0,0
BRDA:49,3,1,21
BRDA:56,4,0,21
BRDA:64,5,0,21
BRDA:68,6,0,21
BRDA:68,6,1,0
BRF:12
BRH:8
end_of_record
TN:
SF:app/api/auth/delete/route.ts
FN:7,DELETE
FNF:1
FNH:1
FNDA:5,DELETE
DA:1,1
DA:2,1
DA:3,1
DA:4,1
DA:7,5
DA:8,5
DA:9,5
DA:10,5
DA:13,5
DA:14,1
DA:21,4
DA:28,3
DA:29,1
DA:36,2
DA:38,2
DA:39,1
DA:46,1
DA:51,1
DA:59,1
DA:60,1
LF:20
LH:20
BRDA:13,0,0,1
BRDA:13,0,1,4
BRDA:13,1,0,5
BRDA:13,1,1,5
BRDA:28,2,0,1
BRDA:28,2,1,2
BRDA:38,3,0,1
BRDA:38,3,1,1
BRF:8
BRH:8
end_of_record
TN:
SF:app/api/auth/login/route.ts
FN:7,POST
FNF:1
FNH:1
FNDA:6,POST
DA:1,1
DA:2,1
DA:3,1
DA:4,1
DA:7,6
DA:8,6
DA:9,6
DA:10,6
DA:13,6
DA:14,2
DA:21,4
DA:28,3
DA:29,1
DA:36,2
DA:38,2
DA:39,1
DA:46,1
DA:48,1
DA:56,1
DA:57,1
LF:20
LH:20
BRDA:13,0,0,2
BRDA:13,0,1,4
BRDA:13,1,0,6
BRDA:13,1,1,5
BRDA:28,2,0,1
BRDA:28,2,1,2
BRDA:38,3,0,1
BRDA:38,3,1,1
BRF:8
BRH:8
end_of_record
TN:
SF:app/api/auth/password/route.ts
FN:7,PATCH
FNF:1
FNH:1
FNDA:6,PATCH
DA:1,1
DA:2,1
DA:3,1
DA:4,1
DA:7,6
DA:8,6
DA:9,6
DA:10,6
DA:13,6
DA:14,1
DA:20,5
DA:21,1
DA:28,4
DA:35,3
DA:36,1
DA:43,2
DA:45,2
DA:46,1
DA:53,1
DA:56,1
DA:61,1
DA:69,1
DA:70,1
LF:23
LH:23
BRDA:13,0,0,1
BRDA:13,0,1,5
BRDA:13,1,0,6
BRDA:13,1,1,6
BRDA:13,1,2,6
BRDA:20,2,0,1
BRDA:20,2,1,4
BRDA:35,3,0,1
BRDA:35,3,1,2
BRDA:45,4,0,1
BRDA:45,4,1,1
BRF:11
BRH:11
end_of_record
TN:
SF:app/api/auth/signup/route.ts
FN:7,POST
FNF:1
FNH:1
FNDA:6,POST
DA:1,1
DA:2,1
DA:3,1
DA:4,1
DA:7,6
DA:8,6
DA:9,6
DA:10,6
DA:13,6
DA:14,2
DA:20,4
DA:21,1
DA:28,3
DA:35,2
DA:36,1
DA:43,1
DA:46,1
DA:55,1
DA:57,1
DA:68,1
DA:69,1
LF:21
LH:21
BRDA:13,0,0,2
BRDA:13,0,1,4
BRDA:13,1,0,6
BRDA:13,1,1,5
BRDA:20,2,0,1
BRDA:20,2,1,3
BRDA:35,3,0,1
BRDA:35,3,1,1
BRDA:50,4,0,1
BRDA:50,4,1,0
BRF:10
BRH:9
end_of_record
TN:
SF:app/api/budgets/route.ts
FN:12,GET
FN:65,POST
FN:118,DELETE
FNF:3
FNH:3
FNDA:4,GET
FNDA:6,POST
FNDA:4,DELETE
DA:2,1
DA:8,1
DA:9,1
DA:12,4
DA:13,4
DA:14,4
DA:15,4
DA:16,4
DA:17,4
DA:19,4
DA:20,4
DA:23,3
DA:24,1
DA:26,1
DA:40,1
DA:44,2
DA:57,1
DA:59,1
DA:60,1
DA:65,6
DA:66,6
DA:67,6
DA:68,6
DA:70,6
DA:71,6
DA:73,5
DA:74,1
DA:77,4
DA:78,1
DA:81,3
DA:82,1
DA:85,2
DA:88,2
DA:110,1
DA:112,1
DA:113,1
DA:118,4
DA:119,4
DA:120,4
DA:121,4
DA:122,4
DA:123,4
DA:124,4
DA:126,4
DA:127,4
DA:129,3
DA:130,1
DA:133,2
DA:136,2
DA:148,0
DA:150,2
DA:151,2
LF:52
LH:51
BRDA:20,0,0,1
BRDA:20,0,1,3
BRDA:23,1,0,1
BRDA:23,1,1,2
BRDA:23,2,0,3
BRDA:23,2,1,1
BRDA:71,3,0,1
BRDA:71,3,1,5
BRDA:73,4,0,1
BRDA:73,4,1,4
BRDA:77,5,0,1
BRDA:77,5,1,3
BRDA:77,6,0,4
BRDA:77,6,1,4
BRDA:81,7,0,1
BRDA:81,7,1,2
BRDA:81,8,0,3
BRDA:81,8,1,2
BRDA:127,9,0,1
BRDA:127,9,1,3
BRDA:129,10,0,1
BRDA:129,10,1,2
BRDA:129,11,0,3
BRDA:129,11,1,2
BRDA:129,11,2,2
BRF:25
BRH:25
end_of_record
TN:
SF:app/api/categories/route.ts
FN:18,GET
FN:41,POST
FNF:2
FNH:2
FNDA:4,GET
FNDA:6,POST
DA:9,1
DA:10,1
DA:15,1
DA:18,4
DA:19,4
DA:20,4
DA:21,4
DA:22,4
DA:24,4
DA:25,4
DA:27,3
DA:33,2
DA:35,1
DA:36,1
DA:41,6
DA:42,6
DA:43,6
DA:44,6
DA:47,6
DA:48,6
DA:50,5
DA:51,1
DA:54,4
DA:55,4
DA:58,3
DA:59,2
DA:60,1
DA:64,1
DA:66,1
DA:68,1
DA:69,1
LF:31
LH:31
BRDA:25,0,0,1
BRDA:25,0,1,3
BRDA:29,1,0,1
BRDA:29,1,1,2
BRDA:29,2,0,3
BRDA:29,2,1,1
BRDA:29,2,2,1
BRDA:48,3,0,1
BRDA:48,3,1,5
BRDA:50,4,0,1
BRDA:50,4,1,4
BRDA:55,5,0,1
BRDA:55,5,1,3
BRDA:59,6,0,1
BRDA:59,6,1,1
BRF:15
BRH:15
end_of_record
TN:
SF:app/api/categories/[id]/route.ts
FN:17,PATCH
FN:60,DELETE
FNF:2
FNH:2
FNDA:6,PATCH
FNDA:4,DELETE
DA:7,1
DA:8,1
DA:14,1
DA:17,6
DA:21,6
DA:22,6
DA:23,6
DA:24,6
DA:26,6
DA:27,6
DA:30,5
DA:31,4
DA:32,1
DA:36,3
DA:37,2
DA:38,2
DA:42,2
DA:43,1
DA:44,1
DA:45,1
DA:50,1
DA:52,1
DA:54,1
DA:55,1
DA:60,4
DA:64,4
DA:65,4
DA:66,4
DA:67,4
DA:69,4
DA:70,4
DA:73,3
DA:74,2
DA:75,1
DA:79,1
DA:81,1
DA:83,1
DA:84,1
LF:38
LH:38
BRDA:27,0,0,1
BRDA:27,0,1,5
BRDA:31,1,0,1
BRDA:31,1,1,3
BRDA:36,2,0,2
BRDA:36,2,1,1
BRDA:38,3,0,1
BRDA:38,3,1,1
BRDA:42,4,0,1
BRDA:42,4,1,1
BRDA:42,5,0,2
BRDA:42,5,1,2
BRDA:44,6,0,1
BRDA:44,6,1,0
BRDA:70,7,0,1
BRDA:70,7,1,3
BRDA:74,8,0,1
BRDA:74,8,1,1
BRF:18
BRH:17
end_of_record
TN:
SF:app/api/categories/seed/route.ts
FN:6,POST
FN:57,(anonymous_2)
FN:68,(anonymous_3)
FNF:3
FNH:3
FNDA:4,POST
FNDA:10,(anonymous_2)
FNDA:4,(anonymous_3)
DA:1,1
DA:2,1
DA:3,1
DA:6,4
DA:7,4
DA:8,4
DA:9,4
DA:11,4
DA:12,1
DA:19,3
DA:26,2
DA:27,1
DA:34,1
DA:48,1
DA:56,1
DA:58,10
DA:69,4
DA:81,1
DA:91,1
DA:92,1
LF:20
LH:20
BRDA:11,0,0,1
BRDA:11,0,1,3
BRDA:26,1,0,1
BRDA:26,1,1,1
BRF:4
BRH:4
end_of_record
TN:
SF:app/api/daily-balance/route.ts
FN:17,POST
FN:46,GET
FNF:2
FNH:2
FNDA:4,POST
FNDA:4,GET
DA:7,1
DA:8,1
DA:14,1
DA:17,4
DA:18,4
DA:19,4
DA:20,4
DA:22,4
DA:23,4
DA:25,3
DA:26,1
DA:29,2
DA:37,1
DA:39,1
DA:40,1
DA:46,4
DA:47,4
DA:48,4
DA:49,4
DA:50,4
DA:51,4
DA:52,4
DA:54,4
DA:55,4
DA:58,3
DA:59,0
DA:60,0
DA:62,0
DA:63,0
DA:66,0
DA:68,0
DA:72,3
DA:75,2
DA:76,1
DA:77,1
DA:80,1
DA:82,1
DA:83,1
LF:38
LH:32
BRDA:23,0,0,1
BRDA:23,0,1,3
BRDA:25,1,0,1
BRDA:25,1,1,2
BRDA:32,2,0,2
BRDA:32,2,1,0
BRDA:33,3,0,2
BRDA:33,3,1,1
BRDA:34,4,0,2
BRDA:34,4,1,1
BRDA:52,5,0,4
BRDA:52,5,1,1
BRDA:55,6,0,1
BRDA:55,6,1,3
BRDA:58,7,0,0
BRDA:58,7,1,3
BRDA:58,8,0,3
BRDA:58,8,1,0
BRDA:62,9,0,0
BRDA:62,9,1,0
BRDA:62,10,0,0
BRDA:62,10,1,0
BRDA:62,10,2,0
BRDA:62,10,3,0
BRDA:75,11,0,1
BRDA:75,11,1,1
BRF:26
BRH:17
end_of_record
TN:
SF:app/api/health/route.ts
FN:5,GET
FNF:1
FNH:1
FNDA:2,GET
DA:1,1
DA:2,1
DA:3,1
DA:5,2
DA:6,2
DA:8,2
DA:10,1
DA:17,1
DA:19,1
LF:9
LH:9
BRDA:25,0,0,1
BRDA:25,0,1,0
BRF:2
BRH:1
end_of_record
TN:
SF:app/api/savings/route.ts
FN:7,GET
FN:42,(anonymous_4)
FN:60,(anonymous_5)
FN:67,(anonymous_6)
FN:114,POST
FNF:5
FNH:5
FNDA:4,GET
FNDA:4,(anonymous_4)
FNDA:2,(anonymous_5)
FNDA:4,(anonymous_6)
FNDA:5,POST
DA:2,1
DA:3,1
DA:4,1
DA:7,4
DA:8,4
DA:9,4
DA:10,4
DA:12,4
DA:13,4
DA:15,3
DA:16,3
DA:17,3
DA:20,3
DA:38,2
DA:39,2
DA:42,4
DA:43,2
DA:59,2
DA:60,2
DA:61,2
DA:62,2
DA:67,2
DA:69,4
DA:70,4
DA:71,4
DA:77,4
DA:80,4
DA:83,4
DA:85,4
DA:89,4
DA:106,2
DA:108,1
DA:109,1
DA:114,5
DA:115,5
DA:116,5
DA:117,5
DA:119,5
DA:120,5
DA:122,4
DA:123,1
DA:126,3
DA:138,2
DA:140,1
DA:141,1
LF:45
LH:45
BRDA:13,0,0,1
BRDA:13,0,1,3
BRDA:61,1,0,2
BRDA:61,1,1,0
BRDA:62,2,0,2
BRDA:62,2,1,0
BRDA:80,3,0,4
BRDA:80,3,1,2
BRDA:85,4,0,4
BRDA:85,4,1,0
BRDA:120,5,0,1
BRDA:120,5,1,4
BRDA:122,6,0,1
BRDA:122,6,1,3
BRDA:122,7,0,4
BRDA:122,7,1,4
BRDA:122,7,2,3
BRDA:122,7,3,3
BRDA:122,7,4,3
BRDA:132,8,0,3
BRDA:132,8,1,2
BRF:21
BRH:18
end_of_record
TN:
SF:app/api/savings/[id]/route.ts
FN:7,PUT
FN:56,PATCH
FN:98,DELETE
FNF:3
FNH:3
FNDA:4,PUT
FNDA:3,PATCH
FNDA:4,DELETE
DA:2,1
DA:3,1
DA:4,1
DA:7,4
DA:11,4
DA:12,4
DA:13,4
DA:14,4
DA:16,4
DA:17,4
DA:20,3
DA:24,3
DA:25,1
DA:29,2
DA:30,1
DA:36,2
DA:48,2
DA:50,0
DA:51,0
DA:56,3
DA:60,3
DA:61,3
DA:62,3
DA:63,3
DA:65,3
DA:66,3
DA:69,3
DA:73,3
DA:74,1
DA:78,2
DA:79,1
DA:85,2
DA:90,2
DA:92,0
DA:93,0
DA:98,4
DA:102,4
DA:103,4
DA:104,4
DA:105,4
DA:107,4
DA:108,4
DA:111,3
DA:115,2
DA:116,1
DA:119,1
DA:124,1
DA:126,1
DA:127,1
LF:49
LH:45
BRDA:17,0,0,1
BRDA:17,0,1,3
BRDA:24,1,0,1
BRDA:24,1,1,2
BRDA:29,2,0,1
BRDA:29,2,1,1
BRDA:44,3,0,2
BRDA:44,3,1,1
BRDA:66,4,0,0
BRDA:66,4,1,3
BRDA:73,5,0,1
BRDA:73,5,1,2
BRDA:78,6,0,1
BRDA:78,6,1,1
BRDA:108,7,0,1
BRDA:108,7,1,3
BRDA:115,8,0,1
BRDA:115,8,1,1
BRF:18
BRH:17
end_of_record
TN:
SF:app/api/savings/[id]/deposit/route.ts
FN:8,POST
FN:35,(anonymous_2)
FNF:2
FNH:2
FNDA:8,POST
FNDA:2,(anonymous_2)
DA:2,1
DA:3,1
DA:4,1
DA:5,1
DA:8,8
DA:12,8
DA:13,8
DA:14,8
DA:15,8
DA:17,8
DA:18,8
DA:20,7
DA:21,3
DA:25,4
DA:29,4
DA:30,1
DA:34,3
DA:35,3
DA:36,2
DA:43,2
DA:56,2
DA:58,2
DA:61,2
DA:66,1
DA:67,1
LF:25
LH:25
BRDA:18,0,0,1
BRDA:18,0,1,7
BRDA:20,1,0,3
BRDA:20,1,1,4
BRDA:20,2,0,7
BRDA:20,2,1,5
BRDA:29,3,0,1
BRDA:29,3,1,3
BRF:8
BRH:8
end_of_record
TN:
SF:app/api/savings/summary/route.ts
FN:7,GET
FN:22,(anonymous_2)
FN:23,(anonymous_3)
FNF:3
FNH:3
FNDA:6,GET
FNDA:5,(anonymous_2)
FNDA:5,(anonymous_3)
DA:2,1
DA:3,1
DA:4,1
DA:7,6
DA:8,6
DA:9,6
DA:10,6
DA:12,6
DA:13,6
DA:15,5
DA:22,5
DA:23,5
DA:24,4
DA:26,4
DA:35,1
DA:36,1
LF:16
LH:16
BRDA:13,0,0,1
BRDA:13,0,1,5
BRDA:30,1,0,2
BRDA:30,1,1,2
BRF:4
BRH:4
end_of_record
TN:
SF:app/api/stats/route.ts
FN:7,GET
FNF:1
FNH:1
FNDA:6,GET
DA:2,1
DA:3,1
DA:4,1
DA:7,6
DA:8,6
DA:9,6
DA:10,6
DA:11,6
DA:12,6
DA:14,6
DA:15,6
DA:17,5
DA:18,2
DA:21,3
DA:23,0
DA:25,3
DA:26,3
LF:17
LH:16
BRDA:15,0,0,1
BRDA:15,0,1,5
BRDA:17,1,0,2
BRDA:17,1,1,3
BRDA:17,2,0,5
BRDA:17,2,1,4
BRF:6
BRH:6
end_of_record
TN:
SF:app/api/transactions/route.ts
FN:19,GET
FN:54,POST
FNF:2
FNH:2
FNDA:5,GET
FNDA:8,POST
DA:10,1
DA:11,1
DA:16,1
DA:19,5
DA:20,5
DA:21,5
DA:22,5
DA:24,5
DA:25,5
DA:27,4
DA:46,3
DA:48,1
DA:49,1
DA:54,8
DA:55,8
DA:56,8
DA:57,8
DA:60,8
DA:61,8
DA:63,7
DA:64,7
DA:66,5
DA:67,5
DA:70,3
DA:71,2
DA:72,2
DA:73,1
DA:77,2
DA:86,1
DA:88,1
DA:89,1
LF:31
LH:31
BRDA:25,0,0,1
BRDA:25,0,1,4
BRDA:29,1,0,1
BRDA:29,1,1,3
BRDA:30,2,0,1
BRDA:30,2,1,3
BRDA:33,3,0,4
BRDA:33,3,1,4
BRDA:34,4,0,4
BRDA:34,4,1,4
BRDA:35,5,0,4
BRDA:35,5,1,4
BRDA:36,6,0,4
BRDA:36,6,1,3
BRDA:37,7,0,0
BRDA:37,7,1,4
BRDA:38,8,0,0
BRDA:38,8,1,4
BRDA:39,9,0,0
BRDA:39,9,1,4
BRDA:40,10,0,0
BRDA:40,10,1,4
BRDA:41,11,0,0
BRDA:41,11,1,4
BRDA:42,12,0,0
BRDA:42,12,1,4
BRDA:61,13,0,1
BRDA:61,13,1,7
BRDA:64,14,0,2
BRDA:64,14,1,5
BRDA:67,15,0,2
BRDA:67,15,1,3
BRDA:70,16,0,2
BRDA:70,16,1,1
BRDA:72,17,0,1
BRDA:72,17,1,1
BRDA:83,18,0,0
BRDA:83,18,1,2
BRF:38
BRH:31
end_of_record
TN:
SF:app/api/transactions/[id]/route.ts
FN:18,PATCH
FN:84,DELETE
FNF:2
FNH:2
FNDA:7,PATCH
FNDA:4,DELETE
DA:8,1
DA:9,1
DA:15,1
DA:18,7
DA:22,7
DA:23,7
DA:24,7
DA:25,7
DA:28,7
DA:29,7
DA:32,6
DA:33,5
DA:34,1
DA:38,4
DA:39,1
DA:40,1
DA:44,3
DA:45,2
DA:46,2
DA:50,2
DA:51,1
DA:52,1
DA:53,1
DA:54,1
DA:59,1
DA:76,1
DA:78,1
DA:79,1
DA:84,4
DA:88,4
DA:89,4
DA:90,4
DA:91,4
DA:94,4
DA:95,4
DA:98,3
DA:99,2
DA:100,1
DA:104,1
DA:110,1
DA:112,1
DA:113,1
LF:42
LH:42
BRDA:29,0,0,1
BRDA:29,0,1,6
BRDA:33,1,0,1
BRDA:33,1,1,4
BRDA:38,2,0,1
BRDA:38,2,1,3
BRDA:40,3,0,1
BRDA:40,3,1,0
BRDA:44,4,0,2
BRDA:44,4,1,1
BRDA:46,5,0,1
BRDA:46,5,1,1
BRDA:50,6,0,1
BRDA:50,6,1,1
BRDA:50,7,0,2
BRDA:50,7,1,1
BRDA:51,8,0,1
BRDA:51,8,1,1
BRDA:53,9,0,1
BRDA:53,9,1,0
BRDA:64,10,0,1
BRDA:64,10,1,0
BRDA:67,11,0,0
BRDA:67,11,1,1
BRDA:95,12,0,1
BRDA:95,12,1,3
BRDA:99,13,0,1
BRDA:99,13,1,1
BRF:28
BRH:24
end_of_record
TN:
SF:app/api/transactions/oldest-date/route.ts
FN:7,GET
FNF:1
FNH:1
FNDA:4,GET
DA:2,1
DA:3,1
DA:4,1
DA:7,4
DA:8,4
DA:9,4
DA:10,4
DA:12,4
DA:13,4
DA:15,3
DA:17,2
DA:23,1
DA:24,1
LF:13
LH:13
BRDA:13,0,0,1
BRDA:13,0,1,3
BRDA:18,1,0,2
BRDA:18,1,1,1
BRDA:19,2,0,2
BRDA:19,2,1,1
BRDA:20,3,0,1
BRDA:20,3,1,1
BRF:8
BRH:8
end_of_record
TN:
SF:app/api/transactions/recent/route.ts
FN:7,GET
FNF:1
FNH:1
FNDA:6,GET
DA:1,1
DA:2,1
DA:4,1
DA:7,6
DA:8,6
DA:9,6
DA:10,6
DA:11,6
DA:12,6
DA:14,6
DA:15,1
DA:22,5
DA:25,5
DA:31,5
DA:32,1
DA:35,5
DA:54,4
DA:61,1
DA:62,1
LF:19
LH:19
BRDA:14,0,0,1
BRDA:14,0,1,5
BRDA:22,1,0,2
BRDA:22,1,1,3
BRDA:31,2,0,1
BRDA:31,2,1,4
BRDA:31,3,0,5
BRDA:31,3,1,1
BRDA:31,3,2,1
BRF:9
BRH:9
end_of_record
TN:
SF:app/api/transactions/summary/route.ts
FN:7,GET
FNF:1
FNH:1
FNDA:5,GET
DA:2,1
DA:3,1
DA:4,1
DA:7,5
DA:8,5
DA:9,5
DA:10,5
DA:11,5
DA:12,5
DA:14,5
DA:15,5
DA:17,4
DA:18,1
DA:21,3
DA:24,2
DA:26,1
DA:27,1
LF:17
LH:17
BRDA:15,0,0,1
BRDA:15,0,1,4
BRDA:17,1,0,1
BRDA:17,1,1,3
BRDA:17,2,0,4
BRDA:17,2,1,3
BRF:6
BRH:6
end_of_record
TN:
SF:app/api/transactions/today/route.ts
FN:7,GET
FNF:1
FNH:1
FNDA:4,GET
DA:2,1
DA:3,1
DA:4,1
DA:7,4
DA:8,4
DA:9,4
DA:10,4
DA:12,4
DA:13,4
DA:16,3
DA:17,3
DA:18,3
DA:21,3
DA:83,2
DA:84,2
DA:85,2
DA:87,2
DA:107,1
DA:108,1
LF:19
LH:19
BRDA:13,0,0,1
BRDA:13,0,1,3
BRDA:83,1,0,2
BRDA:83,1,1,1
BRDA:84,2,0,2
BRDA:84,2,1,1
BRDA:85,3,0,2
BRDA:85,3,1,1
BRF:8
BRH:8
end_of_record
TN:
SF:app/login/page.tsx
FN:7,LoginPage
FN:25,(anonymous_3)
FN:30,(anonymous_4)
FN:41,(anonymous_5)
FN:53,(anonymous_6)
FN:69,(anonymous_7)
FN:88,(anonymous_8)
FN:99,(anonymous_9)
FN:182,(anonymous_10)
FN:296,(anonymous_11)
FN:348,(anonymous_12)
FN:405,(anonymous_13)
FNF:12
FNH:10
FNDA:192,LoginPage
FNDA:83,(anonymous_3)
FNDA:79,(anonymous_4)
FNDA:8,(anonymous_5)
FNDA:61,(anonymous_6)
FNDA:57,(anonymous_7)
FNDA:25,(anonymous_8)
FNDA:4,(anonymous_9)
FNDA:0,(anonymous_10)
FNDA:2,(anonymous_11)
FNDA:0,(anonymous_12)
FNDA:5,(anonymous_13)
DA:3,1
DA:4,1
DA:5,1
DA:7,9
DA:8,192
DA:9,192
DA:10,192
DA:11,192
DA:12,192
DA:13,192
DA:14,192
DA:15,192
DA:16,192
DA:17,192
DA:18,192
DA:19,192
DA:20,192
DA:21,192
DA:22,192
DA:25,192
DA:26,83
DA:27,83
DA:30,192
DA:31,79
DA:32,79
DA:34,79
DA:35,64
DA:37,15
DA:41,192
DA:42,8
DA:43,8
DA:45,8
DA:46,0
DA:48,8
DA:53,192
DA:54,61
DA:55,35
DA:58,26
DA:59,26
DA:60,26
DA:62,26
DA:63,17
DA:66,9
DA:69,192
DA:70,57
DA:71,57
DA:73,57
DA:74,57
DA:75,57
DA:77,0
DA:81,57
DA:82,0
DA:84,57
DA:88,192
DA:89,25
DA:90,25
DA:92,25
DA:93,24
DA:95,1
DA:99,192
DA:100,4
DA:101,4
DA:104,4
DA:107,4
DA:108,0
DA:109,0
DA:110,4
DA:111,0
DA:112,0
DA:116,4
DA:117,0
DA:118,0
DA:122,4
DA:123,0
DA:124,0
DA:126,4
DA:127,4
DA:128,0
DA:129,0
DA:134,4
DA:135,0
DA:136,0
DA:137,4
DA:138,1
DA:139,1
DA:142,4
DA:143,1
DA:146,3
DA:148,3
DA:149,3
DA:150,3
DA:154,3
DA:162,3
DA:164,3
DA:165,1
DA:168,2
DA:170,1
DA:171,1
DA:172,1
DA:173,1
DA:174,1
DA:175,1
DA:176,1
DA:177,1
DA:178,1
DA:179,1
DA:180,1
DA:182,1
DA:185,1
DA:186,1
DA:187,1
DA:188,1
DA:191,1
DA:193,3
DA:296,2
DA:348,0
DA:406,5
DA:407,5
DA:408,5
DA:409,5
DA:410,5
DA:411,5
DA:412,5
DA:413,5
DA:414,5
LF:125
LH:109
BRDA:34,0,0,64
BRDA:34,0,1,15
BRDA:34,1,0,79
BRDA:34,1,1,79
BRDA:45,2,0,0
BRDA:45,2,1,8
BRDA:45,3,0,8
BRDA:45,3,1,8
BRDA:54,4,0,35
BRDA:54,4,1,26
BRDA:62,5,0,17
BRDA:62,5,1,9
BRDA:62,6,0,26
BRDA:62,6,1,22
BRDA:62,6,2,22
BRDA:73,7,0,57
BRDA:73,7,1,0
BRDA:75,8,0,5
BRDA:75,8,1,52
BRDA:81,9,0,0
BRDA:81,9,1,57
BRDA:81,10,0,57
BRDA:81,10,1,0
BRDA:92,11,0,24
BRDA:92,11,1,1
BRDA:92,12,0,25
BRDA:92,12,1,25
BRDA:107,13,0,0
BRDA:107,13,1,4
BRDA:110,14,0,0
BRDA:110,14,1,4
BRDA:116,15,0,0
BRDA:116,15,1,4
BRDA:116,16,0,4
BRDA:116,16,1,2
BRDA:122,17,0,0
BRDA:122,17,1,4
BRDA:127,18,0,0
BRDA:127,18,1,4
BRDA:134,19,0,0
BRDA:134,19,1,4
BRDA:134,20,0,4
BRDA:134,20,1,2
BRDA:137,21,0,1
BRDA:137,21,1,3
BRDA:137,22,0,4
BRDA:137,22,1,2
BRDA:142,23,0,1
BRDA:142,23,1,3
BRDA:149,24,0,1
BRDA:149,24,1,2
BRDA:150,25,0,1
BRDA:150,25,1,2
BRDA:164,26,0,1
BRDA:164,26,1,2
BRDA:165,27,0,1
BRDA:165,27,1,0
BRDA:168,28,0,1
BRDA:168,28,1,1
BRDA:186,29,0,1
BRDA:186,29,1,0
BRDA:191,30,0,1
BRDA:191,30,1,0
BRDA:220,31,0,93
BRDA:220,31,1,99
BRDA:237,32,0,64
BRDA:237,32,1,128
BRDA:243,33,0,192
BRDA:251,34,0,192
BRDA:262,35,0,0
BRDA:262,35,1,93
BRDA:268,36,0,93
BRDA:283,37,0,1
BRDA:283,37,1,191
BRDA:288,38,0,52
BRDA:288,38,1,140
BRDA:298,39,0,1
BRDA:298,39,1,191
BRDA:302,40,0,1
BRDA:316,41,0,52
BRDA:316,41,1,140
BRDA:320,42,0,71
BRDA:320,42,1,69
BRDA:328,43,0,192
BRDA:335,44,0,0
BRDA:335,44,1,93
BRDA:340,45,0,25
BRDA:340,45,1,68
BRDA:350,46,0,0
BRDA:350,46,1,93
BRDA:354,47,0,0
BRDA:368,48,0,93
BRDA:377,49,0,192
BRDA:384,50,0,192
BRDA:397,51,0,3
BRDA:397,51,1,189
BRDA:397,52,0,92
BRDA:397,52,1,97
BRDA:418,53,0,93
BRDA:418,53,1,99
BRDA:420,54,0,93
BRDA:420,54,1,99
BRF:102
BRH:85
end_of_record
TN:
SF:app/settings/page.tsx
FN:25,SettingsPage
FN:50,(anonymous_3)
FN:54,(anonymous_4)
FN:65,(anonymous_5)
FN:82,(anonymous_6)
FN:85,(anonymous_7)
FN:116,(anonymous_8)
FN:119,(anonymous_9)
FN:143,(anonymous_10)
FN:151,(anonymous_11)
FN:158,(anonymous_12)
FN:166,(anonymous_13)
FN:177,(anonymous_14)
FN:245,(anonymous_15)
FN:282,(anonymous_16)
FN:288,(anonymous_17)
FN:305,(anonymous_18)
FN:306,(anonymous_19)
FN:322,(anonymous_20)
FN:323,(anonymous_21)
FN:338,(anonymous_22)
FN:353,(anonymous_23)
FN:398,(anonymous_24)
FN:408,(anonymous_25)
FN:428,(anonymous_26)
FN:439,(anonymous_27)
FN:450,(anonymous_28)
FN:467,(anonymous_29)
FN:479,(anonymous_30)
FN:491,(anonymous_31)
FN:512,(anonymous_32)
FN:549,(anonymous_33)
FN:554,(anonymous_34)
FN:570,(anonymous_35)
FN:579,(anonymous_36)
FN:591,(anonymous_37)
FNF:36
FNH:0
FNDA:0,SettingsPage
FNDA:0,(anonymous_3)
FNDA:0,(anonymous_4)
FNDA:0,(anonymous_5)
FNDA:0,(anonymous_6)
FNDA:0,(anonymous_7)
FNDA:0,(anonymous_8)
FNDA:0,(anonymous_9)
FNDA:0,(anonymous_10)
FNDA:0,(anonymous_11)
FNDA:0,(anonymous_12)
FNDA:0,(anonymous_13)
FNDA:0,(anonymous_14)
FNDA:0,(anonymous_15)
FNDA:0,(anonymous_16)
FNDA:0,(anonymous_17)
FNDA:0,(anonymous_18)
FNDA:0,(anonymous_19)
FNDA:0,(anonymous_20)
FNDA:0,(anonymous_21)
FNDA:0,(anonymous_22)
FNDA:0,(anonymous_23)
FNDA:0,(anonymous_24)
FNDA:0,(anonymous_25)
FNDA:0,(anonymous_26)
FNDA:0,(anonymous_27)
FNDA:0,(anonymous_28)
FNDA:0,(anonymous_29)
FNDA:0,(anonymous_30)
FNDA:0,(anonymous_31)
FNDA:0,(anonymous_32)
FNDA:0,(anonymous_33)
FNDA:0,(anonymous_34)
FNDA:0,(anonymous_35)
FNDA:0,(anonymous_36)
FNDA:0,(anonymous_37)
DA:3,0
DA:4,0
DA:5,0
DA:6,0
DA:7,0
DA:8,0
DA:10,0
DA:11,0
DA:20,0
DA:25,0
DA:26,0
DA:27,0
DA:28,0
DA:29,0
DA:30,0
DA:31,0
DA:32,0
DA:33,0
DA:36,0
DA:37,0
DA:38,0
DA:39,0
DA:40,0
DA:41,0
DA:42,0
DA:43,0
DA:46,0
DA:49,0
DA:50,0
DA:51,0
DA:54,0
DA:55,0
DA:56,0
DA:58,0
DA:59,0
DA:60,0
DA:61,0
DA:62,0
DA:65,0
DA:66,0
DA:67,0
DA:68,0
DA:70,0
DA:71,0
DA:72,0
DA:75,0
DA:76,0
DA:77,0
DA:78,0
DA:82,0
DA:83,0
DA:85,0
DA:86,0
DA:87,0
DA:88,0
DA:93,0
DA:98,0
DA:99,0
DA:102,0
DA:103,0
DA:106,0
DA:108,0
DA:112,0
DA:116,0
DA:117,0
DA:119,0
DA:120,0
DA:121,0
DA:122,0
DA:123,0
DA:124,0
DA:125,0
DA:127,0
DA:128,0
DA:131,0
DA:133,0
DA:137,0
DA:141,0
DA:143,0
DA:144,0
DA:145,0
DA:146,0
DA:147,0
DA:151,0
DA:152,0
DA:153,0
DA:154,0
DA:155,0
DA:158,0
DA:159,0
DA:160,0
DA:161,0
DA:162,0
DA:166,0
DA:167,0
DA:169,0
DA:173,0
DA:175,0
DA:177,0
DA:178,0
DA:179,0
DA:182,0
DA:195,0
DA:196,0
DA:197,0
DA:199,0
DA:200,0
DA:201,0
DA:213,0
DA:214,0
DA:215,0
DA:217,0
DA:221,0
DA:222,0
DA:223,0
DA:237,0
DA:238,0
DA:239,0
DA:240,0
DA:245,0
DA:246,0
DA:248,0
DA:250,0
DA:251,0
DA:257,0
DA:259,0
DA:260,0
DA:263,0
DA:264,0
DA:265,0
DA:268,0
DA:269,0
DA:270,0
DA:271,0
DA:274,0
DA:275,0
DA:277,0
DA:282,0
DA:283,0
DA:284,0
DA:288,0
DA:289,0
DA:291,0
DA:303,0
DA:304,0
DA:305,0
DA:306,0
DA:307,0
DA:308,0
DA:309,0
DA:310,0
DA:312,0
DA:318,0
DA:319,0
DA:322,0
DA:323,0
DA:338,0
DA:353,0
DA:399,0
DA:400,0
DA:409,0
DA:410,0
DA:428,0
DA:439,0
DA:450,0
DA:467,0
DA:479,0
DA:491,0
DA:512,0
DA:550,0
DA:551,0
DA:554,0
DA:570,0
DA:580,0
DA:581,0
DA:591,0
LF:176
LH:0
BRDA:70,0,0,0
BRDA:70,0,1,0
BRDA:76,1,0,0
BRDA:76,1,1,0
BRDA:77,2,0,0
BRDA:77,2,1,0
BRDA:83,3,0,0
BRDA:83,3,1,0
BRDA:98,4,0,0
BRDA:98,4,1,0
BRDA:102,5,0,0
BRDA:102,5,1,0
BRDA:102,6,0,0
BRDA:102,6,1,0
BRDA:102,6,2,0
BRDA:117,7,0,0
BRDA:117,7,1,0
BRDA:117,8,0,0
BRDA:117,8,1,0
BRDA:127,9,0,0
BRDA:127,9,1,0
BRDA:141,10,0,0
BRDA:141,10,1,0
BRDA:141,10,2,0
BRDA:141,10,3,0
BRDA:167,11,0,0
BRDA:167,11,1,0
BRDA:169,12,0,0
BRDA:169,12,1,0
BRDA:169,13,0,0
BRDA:169,13,1,0
BRDA:175,14,0,0
BRDA:175,14,1,0
BRDA:178,15,0,0
BRDA:178,15,1,0
BRDA:179,16,0,0
BRDA:179,16,1,0
BRDA:196,17,0,0
BRDA:196,17,1,0
BRDA:197,18,0,0
BRDA:197,18,1,0
BRDA:200,19,0,0
BRDA:200,19,1,0
BRDA:214,20,0,0
BRDA:214,20,1,0
BRDA:215,21,0,0
BRDA:215,21,1,0
BRDA:221,22,0,0
BRDA:221,22,1,0
BRDA:221,23,0,0
BRDA:221,23,1,0
BRDA:239,24,0,0
BRDA:239,24,1,0
BRDA:246,25,0,0
BRDA:246,25,1,0
BRDA:246,26,0,0
BRDA:246,26,1,0
BRDA:259,27,0,0
BRDA:259,27,1,0
BRDA:260,28,0,0
BRDA:260,28,1,0
BRDA:270,29,0,0
BRDA:270,29,1,0
BRDA:275,30,0,0
BRDA:275,30,1,0
BRDA:289,31,0,0
BRDA:289,31,1,0
BRDA:289,32,0,0
BRDA:289,32,1,0
BRDA:304,33,0,0
BRDA:304,33,1,0
BRDA:307,34,0,0
BRDA:307,34,1,0
BRDA:318,35,0,0
BRDA:318,35,1,0
BRDA:356,36,0,0
BRDA:356,36,1,0
BRDA:356,37,0,0
BRDA:356,37,1,0
BRDA:360,38,0,0
BRDA:370,39,0,0
BRDA:370,39,1,0
BRDA:379,40,0,0
BRDA:380,41,0,0
BRDA:380,41,1,0
BRDA:385,42,0,0
BRDA:385,42,1,0
BRDA:390,43,0,0
BRDA:390,43,1,0
BRDA:430,44,0,0
BRDA:430,44,1,0
BRDA:441,45,0,0
BRDA:441,45,1,0
BRDA:452,46,0,0
BRDA:452,46,1,0
BRDA:469,47,0,0
BRDA:469,47,1,0
BRDA:481,48,0,0
BRDA:481,48,1,0
BRDA:493,49,0,0
BRDA:493,49,1,0
BRDA:507,50,0,0
BRDA:507,50,1,0
BRDA:516,51,0,0
BRDA:525,52,0,0
BRDA:559,53,0,0
BRDA:559,53,1,0
BRDA:578,54,0,0
BRDA:578,54,1,0
BRDA:587,55,0,0
BRF:110
BRH:0
end_of_record
TN:
SF:lib/api-utils.ts
FN:12,createResponseWithCache
FN:30,successResponse
FN:37,successResponseWithMessage
FN:44,errorResponse
FN:51,listResponse
FN:58,paginatedResponse
FN:76,validateUserId
FN:86,validateTransactionType
FN:96,validateAmount
FNF:9
FNH:9
FNDA:29,createResponseWithCache
FNDA:26,successResponse
FNDA:10,successResponseWithMessage
FNDA:91,errorResponse
FNDA:3,listResponse
FNDA:5,paginatedResponse
FNDA:122,validateUserId
FNDA:18,validateTransactionType
FNDA:12,validateAmount
DA:1,15
DA:17,29
DA:19,29
DA:20,4
DA:21,4
DA:24,29
DA:30,26
DA:31,26
DA:37,10
DA:38,10
DA:44,52
DA:45,91
DA:51,3
DA:52,3
DA:58,5
DA:64,5
DA:76,122
DA:77,122
DA:78,25
DA:80,97
DA:86,18
DA:87,18
DA:88,7
DA:90,11
DA:96,12
DA:97,12
DA:98,7
DA:100,5
LF:28
LH:28
BRDA:19,0,0,4
BRDA:19,0,1,25
BRDA:20,1,0,0
BRDA:20,2,0,0
BRDA:30,3,0,21
BRDA:37,4,0,6
BRDA:44,5,0,1
BRDA:51,6,0,1
BRDA:77,7,0,25
BRDA:77,7,1,97
BRDA:87,8,0,7
BRDA:87,8,1,11
BRDA:87,9,0,18
BRDA:87,9,1,16
BRDA:87,9,2,15
BRDA:97,10,0,7
BRDA:97,10,1,5
BRDA:97,11,0,12
BRDA:97,11,1,7
BRF:19
BRH:17
end_of_record
TN:
SF:lib/logger.ts
FN:27,(anonymous_3)
FN:34,(anonymous_4)
FN:39,(anonymous_5)
FN:56,(anonymous_6)
FN:83,(anonymous_7)
FN:111,(anonymous_8)
FN:115,(anonymous_9)
FN:119,(anonymous_10)
FN:123,(anonymous_11)
FNF:9
FNH:7
FNDA:34,(anonymous_3)
FNDA:34,(anonymous_4)
FNDA:34,(anonymous_5)
FNDA:34,(anonymous_6)
FNDA:34,(anonymous_7)
FNDA:2,(anonymous_8)
FNDA:0,(anonymous_9)
FNDA:0,(anonymous_10)
FNDA:32,(anonymous_11)
DA:19,23
DA:27,23
DA:28,34
DA:29,0
DA:31,34
DA:34,23
DA:35,34
DA:36,34
DA:39,23
DA:40,34
DA:42,34
DA:43,2
DA:46,34
DA:47,32
DA:48,32
DA:49,32
DA:53,34
DA:56,23
DA:62,34
DA:68,34
DA:69,2
DA:72,34
DA:73,32
DA:80,34
DA:83,23
DA:84,34
DA:86,34
DA:87,34
DA:89,34
DA:91,2
DA:92,2
DA:94,0
DA:95,0
DA:97,0
DA:98,0
DA:100,32
DA:101,32
DA:110,34
DA:112,2
DA:116,0
DA:120,0
DA:124,32
DA:125,32
DA:129,23
LF:44
LH:37
BRDA:28,0,0,0
BRDA:28,0,1,34
BRDA:42,1,0,2
BRDA:42,1,1,32
BRDA:42,2,0,34
BRDA:42,2,1,2
BRDA:46,3,0,32
BRDA:46,3,1,2
BRDA:48,4,0,32
BRDA:48,4,1,0
BRDA:48,5,0,32
BRDA:48,5,1,32
BRDA:68,6,0,2
BRDA:68,6,1,32
BRDA:68,7,0,34
BRDA:68,7,1,2
BRDA:72,8,0,32
BRDA:72,8,1,2
BRDA:84,9,0,0
BRDA:84,9,1,34
BRDA:89,10,0,2
BRDA:89,10,1,0
BRDA:89,10,2,0
BRDA:89,10,3,32
BRDA:124,11,0,32
BRDA:124,11,1,0
BRF:26
BRH:20
end_of_record
TN:
SF:lib/prisma.ts
FNF:0
FNH:0
DA:1,0
DA:2,0
DA:3,0
DA:5,0
DA:9,0
DA:13,0
DA:15,0
DA:16,0
DA:22,0
LF:9
LH:0
BRDA:16,0,0,0
BRDA:16,0,1,0
BRDA:22,1,0,0
BRDA:22,1,1,0
BRF:4
BRH:0
end_of_record
TN:
SF:lib/services/category.service.ts
FN:24,getCategories
FN:37,findCategory
FN:46,findDuplicateCategory
FN:61,createCategory
FN:77,updateCategory
FN:95,deleteCategory
FNF:6
FNH:6
FNDA:6,getCategories
FNDA:10,findCategory
FNDA:6,findDuplicateCategory
FNDA:4,createCategory
FNDA:4,updateCategory
FNDA:2,deleteCategory
DA:1,3
DA:24,6
DA:25,6
DA:26,6
DA:28,6
DA:37,10
DA:38,10
DA:46,6
DA:52,6
DA:53,6
DA:55,6
DA:61,4
DA:62,4
DA:77,4
DA:78,4
DA:80,4
DA:81,4
DA:82,4
DA:83,4
DA:84,4
DA:86,4
DA:95,2
DA:96,2
LF:23
LH:23
BRDA:26,0,0,2
BRDA:26,0,1,4
BRDA:53,1,0,2
BRDA:53,1,1,4
BRDA:67,2,0,4
BRDA:67,2,1,2
BRDA:68,3,0,4
BRDA:68,3,1,2
BRDA:69,4,0,3
BRDA:69,4,1,1
BRDA:80,5,0,4
BRDA:80,5,1,0
BRDA:81,6,0,0
BRDA:81,6,1,4
BRDA:82,7,0,2
BRDA:82,7,1,2
BRDA:83,8,0,1
BRDA:83,8,1,3
BRDA:84,9,0,1
BRDA:84,9,1,3
BRF:20
BRH:18
end_of_record
TN:
SF:lib/services/daily-balance.service.ts
FN:10,getKSTDay
FN:24,calculateBalance
FN:25,(anonymous_9)
FN:33,calculateDailyStats
FN:35,(anonymous_11)
FN:50,getDayBoundaries
FN:63,updateDailyBalanceInTransaction
FN:112,updateDailyBalance
FN:160,saveDailyBalance
FN:179,getRecentDailyBalances
FN:196,getMonthlyDailyBalances
FN:212,calculateMonthlyDailyBalancesFromTransactions
FN:271,(anonymous_19)
FN:278,(anonymous_20)
FN:285,(anonymous_21)
FN:314,calculateDailyBalancesFromTransactions
FN:342,(anonymous_23)
FN:360,(anonymous_24)
FNF:18
FNH:14
FNDA:7,getKSTDay
FNDA:0,calculateBalance
FNDA:0,(anonymous_9)
FNDA:0,calculateDailyStats
FNDA:0,(anonymous_11)
FNDA:15,getDayBoundaries
FNDA:13,updateDailyBalanceInTransaction
FNDA:2,updateDailyBalance
FNDA:3,saveDailyBalance
FNDA:4,getRecentDailyBalances
FNDA:4,getMonthlyDailyBalances
FNDA:4,calculateMonthlyDailyBalancesFromTransactions
FNDA:4,(anonymous_19)
FNDA:2,(anonymous_20)
FNDA:1,(anonymous_21)
FNDA:3,calculateDailyBalancesFromTransactions
FNDA:7,(anonymous_23)
FNDA:19,(anonymous_24)
DA:1,7
DA:3,7
DA:11,7
DA:12,7
DA:13,7
DA:25,0
DA:26,0
DA:34,0
DA:36,0
DA:37,0
DA:39,0
DA:41,0
DA:51,15
DA:52,15
DA:54,15
DA:55,15
DA:57,15
DA:63,13
DA:68,13
DA:71,13
DA:94,13
DA:95,13
DA:96,13
DA:97,13
DA:98,13
DA:100,13
DA:112,2
DA:113,2
DA:114,2
DA:117,2
DA:136,2
DA:137,2
DA:138,2
DA:139,2
DA:140,2
DA:142,2
DA:150,2
DA:152,0
DA:153,0
DA:160,3
DA:167,3
DA:179,4
DA:180,4
DA:181,4
DA:182,4
DA:184,4
DA:196,4
DA:197,4
DA:198,4
DA:200,4
DA:201,4
DA:203,4
DA:206,4
DA:214,4
DA:217,4
DA:220,4
DA:221,4
DA:223,4
DA:226,4
DA:265,4
DA:266,4
DA:267,124
DA:271,4
DA:272,4
DA:273,4
DA:274,4
DA:278,4
DA:279,2
DA:280,2
DA:281,2
DA:285,4
DA:286,1
DA:287,1
DA:288,1
DA:293,4
DA:294,4
DA:296,4
DA:297,124
DA:298,124
DA:299,124
DA:308,4
DA:314,3
DA:315,3
DA:316,3
DA:317,3
DA:319,3
DA:320,3
DA:322,3
DA:332,3
DA:334,3
DA:335,19
DA:336,19
DA:337,19
DA:338,19
DA:342,3
DA:343,7
DA:344,7
DA:345,7
DA:346,7
DA:347,7
DA:348,4
DA:349,3
DA:351,1
DA:357,3
DA:358,3
DA:361,19
DA:362,19
DA:363,19
LF:108
LH:99
BRDA:26,0,0,0
BRDA:26,0,1,0
BRDA:36,1,0,0
BRDA:36,1,1,0
BRDA:94,2,0,13
BRDA:94,2,1,12
BRDA:95,3,0,13
BRDA:95,3,1,12
BRDA:97,4,0,13
BRDA:97,4,1,12
BRDA:98,5,0,13
BRDA:98,5,1,12
BRDA:136,6,0,2
BRDA:136,6,1,1
BRDA:137,7,0,2
BRDA:137,7,1,1
BRDA:139,8,0,2
BRDA:139,8,1,1
BRDA:140,9,0,2
BRDA:140,9,1,1
BRDA:273,10,0,4
BRDA:273,10,1,0
BRDA:274,11,0,4
BRDA:274,11,1,0
BRDA:280,12,0,2
BRDA:280,12,1,0
BRDA:281,13,0,2
BRDA:281,13,1,0
BRDA:287,14,0,1
BRDA:287,14,1,0
BRDA:288,15,0,1
BRDA:288,15,1,0
BRDA:347,16,0,4
BRDA:347,16,1,3
BRDA:348,17,0,3
BRDA:348,17,1,1
BRF:36
BRH:26
end_of_record
TN:
SF:lib/services/stats.service.ts
FN:23,getMonthlyStats
FN:74,(anonymous_2)
FN:78,(anonymous_3)
FN:90,(anonymous_4)
FN:91,(anonymous_5)
FN:131,getLast7DaysExpensesFromDB
FN:153,(anonymous_7)
FNF:7
FNH:7
FNDA:12,getMonthlyStats
FNDA:18,(anonymous_2)
FNDA:14,(anonymous_3)
FNDA:14,(anonymous_4)
FNDA:6,(anonymous_5)
FNDA:9,getLast7DaysExpensesFromDB
FNDA:12,(anonymous_7)
DA:1,2
DA:3,2
DA:23,12
DA:25,12
DA:26,12
DA:36,12
DA:69,9
DA:70,9
DA:71,9
DA:74,18
DA:77,9
DA:79,14
DA:80,14
DA:81,13
DA:90,14
DA:91,6
DA:94,9
DA:98,9
DA:99,9
DA:100,9
DA:101,9
DA:106,9
DA:108,9
DA:132,9
DA:133,9
DA:135,9
DA:136,9
DA:137,9
DA:140,9
DA:152,9
DA:153,9
DA:154,12
DA:155,12
DA:159,9
DA:160,9
DA:161,63
DA:162,63
DA:163,63
DA:164,63
DA:170,9
LF:40
LH:40
BRDA:69,0,0,9
BRDA:69,0,1,2
BRDA:70,1,0,9
BRDA:70,1,1,1
BRDA:80,2,0,1
BRDA:80,2,1,13
BRDA:87,3,0,13
BRDA:87,3,1,0
BRDA:98,4,0,9
BRDA:98,4,1,2
BRDA:101,5,0,7
BRDA:101,5,1,2
BRDA:155,6,0,12
BRDA:155,6,1,12
BRDA:155,7,0,12
BRDA:155,7,1,0
BRDA:166,8,0,63
BRDA:166,8,1,63
BRF:18
BRH:16
end_of_record
TN:
SF:lib/services/summary.service.ts
FN:17,getTransactionSummary
FN:98,(anonymous_2)
FN:99,(anonymous_3)
FN:102,(anonymous_4)
FN:110,(anonymous_5)
FN:128,(anonymous_6)
FN:138,(anonymous_7)
FN:160,(anonymous_8)
FN:161,(anonymous_9)
FN:164,(anonymous_10)
FN:165,(anonymous_11)
FNF:11
FNH:11
FNDA:12,getTransactionSummary
FNDA:7,(anonymous_2)
FNDA:7,(anonymous_3)
FNDA:18,(anonymous_4)
FNDA:18,(anonymous_5)
FNDA:13,(anonymous_6)
FNDA:18,(anonymous_7)
FNDA:18,(anonymous_8)
FNDA:11,(anonymous_9)
FNDA:9,(anonymous_10)
FNDA:17,(anonymous_11)
DA:1,2
DA:17,12
DA:19,12
DA:20,12
DA:22,12
DA:29,12
DA:30,12
DA:31,12
DA:34,12
DA:90,11
DA:91,11
DA:94,11
DA:95,11
DA:98,11
DA:99,11
DA:102,18
DA:103,11
DA:110,18
DA:113,11
DA:126,11
DA:127,11
DA:128,11
DA:129,13
DA:130,6
DA:132,7
DA:137,11
DA:139,18
DA:141,18
DA:142,18
DA:143,18
DA:144,18
DA:145,18
DA:160,18
DA:161,11
DA:164,11
DA:165,17
DA:167,11
DA:168,11
DA:169,11
DA:170,11
DA:174,11
LF:41
LH:41
BRDA:90,0,0,11
BRDA:90,0,1,2
BRDA:91,1,0,11
BRDA:91,1,1,1
BRDA:94,2,0,11
BRDA:94,2,1,4
BRDA:95,3,0,11
BRDA:95,3,1,4
BRDA:103,4,0,9
BRDA:103,4,1,2
BRDA:129,5,0,6
BRDA:129,5,1,7
BRDA:143,6,0,7
BRDA:143,6,1,11
BRDA:143,7,0,11
BRDA:143,7,1,4
BRDA:144,8,0,18
BRDA:144,8,1,0
BRDA:145,9,0,18
BRDA:145,9,1,0
BRDA:154,10,0,14
BRDA:154,10,1,4
BRDA:154,11,0,18
BRDA:154,11,1,14
BRDA:164,12,0,11
BRDA:164,12,1,3
BRDA:165,13,0,11
BRDA:165,13,1,2
BRDA:167,14,0,11
BRDA:167,14,1,5
BRDA:170,15,0,6
BRDA:170,15,1,5
BRDA:199,16,0,7
BRDA:199,16,1,4
BRDA:207,17,0,7
BRDA:207,17,1,0
BRF:36
BRH:33
end_of_record
TN:
SF:lib/services/transaction.service.ts
FN:52,createTransaction
FN:55,(anonymous_10)
FN:77,updateTransaction
FN:93,(anonymous_12)
FN:128,deleteTransaction
FN:133,(anonymous_14)
FN:156,findTransaction
FN:175,getTransactions
FN:254,getRecentTransactions
FN:266,getOldestTransactionDate
FN:278,validateCategory
FNF:11
FNH:11
FNDA:4,createTransaction
FNDA:3,(anonymous_10)
FNDA:4,updateTransaction
FNDA:4,(anonymous_12)
FNDA:3,deleteTransaction
FNDA:3,(anonymous_14)
FNDA:11,findTransaction
FNDA:12,getTransactions
FNDA:1,getRecentTransactions
FNDA:5,getOldestTransactionDate
FNDA:5,validateCategory
DA:1,4
DA:3,4
DA:5,4
DA:52,4
DA:53,4
DA:55,4
DA:56,3
DA:68,3
DA:70,3
DA:77,4
DA:83,4
DA:85,4
DA:86,4
DA:87,4
DA:88,4
DA:89,0
DA:91,4
DA:93,4
DA:94,4
DA:101,4
DA:104,4
DA:105,1
DA:109,4
DA:110,1
DA:111,1
DA:112,1
DA:121,4
DA:128,3
DA:133,3
DA:134,3
DA:139,3
DA:142,3
DA:143,1
DA:156,11
DA:157,11
DA:175,12
DA:176,12
DA:179,12
DA:182,12
DA:184,0
DA:185,0
DA:186,0
DA:187,12
DA:189,2
DA:190,2
DA:191,2
DA:194,12
DA:195,1
DA:197,1
DA:198,1
DA:201,12
DA:202,12
DA:205,12
DA:206,1
DA:210,12
DA:211,1
DA:212,1
DA:213,1
DA:215,1
DA:216,1
DA:221,12
DA:227,12
DA:230,12
DA:237,12
DA:238,0
DA:239,0
DA:242,12
DA:244,11
DA:245,11
DA:246,11
DA:248,11
DA:254,1
DA:255,1
DA:266,5
DA:267,5
DA:272,4
DA:278,5
DA:279,5
LF:78
LH:72
BRDA:61,0,0,3
BRDA:61,0,1,1
BRDA:62,1,0,3
BRDA:62,1,1,1
BRDA:63,2,0,3
BRDA:63,2,1,2
BRDA:85,3,0,0
BRDA:85,3,1,4
BRDA:86,4,0,3
BRDA:86,4,1,1
BRDA:87,5,0,1
BRDA:87,5,1,3
BRDA:87,6,0,1
BRDA:87,6,1,0
BRDA:88,7,0,0
BRDA:88,7,1,4
BRDA:89,8,0,0
BRDA:89,8,1,0
BRDA:91,9,0,1
BRDA:91,9,1,3
BRDA:104,10,0,1
BRDA:104,10,1,3
BRDA:104,11,0,4
BRDA:104,11,1,1
BRDA:109,12,0,1
BRDA:109,12,1,3
BRDA:109,13,0,4
BRDA:109,13,1,1
BRDA:111,14,0,1
BRDA:111,14,1,0
BRDA:142,15,0,1
BRDA:142,15,1,2
BRDA:176,16,0,7
BRDA:176,17,0,7
BRDA:182,18,0,0
BRDA:182,18,1,12
BRDA:182,19,0,12
BRDA:182,19,1,0
BRDA:182,19,2,0
BRDA:182,19,3,0
BRDA:187,20,0,2
BRDA:187,20,1,10
BRDA:187,21,0,12
BRDA:187,21,1,2
BRDA:194,22,0,1
BRDA:194,22,1,11
BRDA:197,23,0,1
BRDA:197,23,1,0
BRDA:201,24,0,0
BRDA:201,24,1,12
BRDA:202,25,0,1
BRDA:202,25,1,11
BRDA:205,26,0,1
BRDA:205,26,1,11
BRDA:210,27,0,1
BRDA:210,27,1,11
BRDA:210,28,0,12
BRDA:210,28,1,11
BRDA:212,29,0,1
BRDA:212,29,1,0
BRDA:215,30,0,1
BRDA:215,30,1,0
BRDA:237,31,0,0
BRDA:237,31,1,12
BRDA:245,32,0,2
BRDA:245,32,1,9
BRDA:246,33,0,2
BRDA:246,33,1,9
BRDA:254,34,0,0
BRDA:272,35,0,4
BRDA:272,35,1,2
BRF:71
BRH:55
end_of_record
